WARN  [2013-12-03 17:33:40,064] com.yammer.dropwizard.config.ServerFactory: 
!!!!!!!!!!!!!!!!!!!!!!!!!!!!!!!!!!!!!!!!!!!!!!!!!!!!!!!!!!!!!!!!!!!!!!!!!!!!!!!!
!!!!!!!!!!!!!!!!!!!!!!!!!!!!!!!!!!!!!!!!!!!!!!!!!!!!!!!!!!!!!!!!!!!!!!!!!!!!!!!!
!    THIS SERVICE HAS NO HEALTHCHECKS. THIS MEANS YOU WILL NEVER KNOW IF IT    !
!    DIES IN PRODUCTION, WHICH MEANS YOU WILL NEVER KNOW IF YOU'RE LETTING     !
!     YOUR USERS DOWN. YOU SHOULD ADD A HEALTHCHECK FOR EACH DEPENDENCY OF     !
!     YOUR SERVICE WHICH FULLY (BUT LIGHTLY) TESTS YOUR SERVICE'S ABILITY TO   !
!      USE THAT SERVICE. THINK OF IT AS A CONTINUOUS INTEGRATION TEST.         !
!!!!!!!!!!!!!!!!!!!!!!!!!!!!!!!!!!!!!!!!!!!!!!!!!!!!!!!!!!!!!!!!!!!!!!!!!!!!!!!!
!!!!!!!!!!!!!!!!!!!!!!!!!!!!!!!!!!!!!!!!!!!!!!!!!!!!!!!!!!!!!!!!!!!!!!!!!!!!!!!!
INFO  [2013-12-03 17:33:40,196] com.yammer.dropwizard.cli.ServerCommand: Starting project-service
INFO  [2013-12-03 17:33:40,199] org.eclipse.jetty.server.Server: jetty-8.1.10.v20130312
INFO  [2013-12-03 17:33:40,376] com.sun.jersey.server.impl.application.WebApplicationImpl: Initiating Jersey application, version 'Jersey: 1.17.1 02/28/2013 12:47 PM'
INFO  [2013-12-03 17:33:40,498] com.yammer.dropwizard.config.Environment: The following paths were found for the configured resources:

    GET     /portal/login (edu.sjsu.cmpe.projectdemo.api.resources.LoginResource)
    POST    /portal/login (edu.sjsu.cmpe.projectdemo.api.resources.LoginResource)
    GET     /portal/login/donor/clinics (edu.sjsu.cmpe.projectdemo.api.resources.ClinicResource)
    POST    /portal/login/donor/clinics (edu.sjsu.cmpe.projectdemo.api.resources.ClinicResource)
    GET     /portal/Registration (edu.sjsu.cmpe.projectdemo.api.resources.RegistrationResource)
    POST    /portal/Registration (edu.sjsu.cmpe.projectdemo.api.resources.RegistrationResource)
    GET     /portal/login/donor/clinics/appointments/ (edu.sjsu.cmpe.projectdemo.api.resources.AppointmentResource)
    GET     /portal/login/donor/clinics/appointments/time (edu.sjsu.cmpe.projectdemo.api.resources.AppointmentResource)
    POST    /portal/login/donor/clinics/appointments/ (edu.sjsu.cmpe.projectdemo.api.resources.AppointmentResource)
    GET     /portal/verify (edu.sjsu.cmpe.projectdemo.api.resources.EmailVerifyResource)
    GET     /portal/verify/activate (edu.sjsu.cmpe.projectdemo.api.resources.EmailVerifyResource)
    POST    /portal/verify/activate (edu.sjsu.cmpe.projectdemo.api.resources.EmailVerifyResource)
    GET     /portal/login/donor/home (edu.sjsu.cmpe.projectdemo.api.resources.DonorHomeResource)
    GET     /portal/login/admin (edu.sjsu.cmpe.projectdemo.api.resources.AdminResource)
    GET     /portal/login/admin/bloodCamp (edu.sjsu.cmpe.projectdemo.api.resources.AdminResource)
    GET     /portal/login/admin/bloodRequest (edu.sjsu.cmpe.projectdemo.api.resources.AdminResource)
    POST    /portal/login/admin (edu.sjsu.cmpe.projectdemo.api.resources.AdminResource)
    POST    /portal/login/admin/bloodCamp (edu.sjsu.cmpe.projectdemo.api.resources.AdminResource)
    POST    /portal/login/admin/bloodRequest (edu.sjsu.cmpe.projectdemo.api.resources.AdminResource)
    GET     /portal/donateblood (edu.sjsu.cmpe.projectdemo.api.resources.DonorDonateBloodResource)
    POST    /portal/donateblood (edu.sjsu.cmpe.projectdemo.api.resources.DonorDonateBloodResource)
    GET     /portal/SearchDonor (edu.sjsu.cmpe.projectdemo.api.resources.SearchDonorResource)
    POST    /portal/SearchDonor (edu.sjsu.cmpe.projectdemo.api.resources.SearchDonorResource)
    GET     /portal/SearchDonorResult (edu.sjsu.cmpe.projectdemo.api.resources.SearchDonorResultResource)

INFO  [2013-12-03 17:33:40,498] com.yammer.dropwizard.config.Environment: tasks = 

    POST    /tasks/gc (com.yammer.dropwizard.tasks.GarbageCollectionTask)

INFO  [2013-12-03 17:33:41,029] org.eclipse.jetty.server.AbstractConnector: Started InstrumentedBlockingChannelConnector@0.0.0.0:15000
INFO  [2013-12-03 17:33:41,033] org.eclipse.jetty.server.AbstractConnector: Started SocketConnector@0.0.0.0:15001
ERROR [2013-12-03 17:33:54,098] freemarker.runtime: Template processing error: "Error reading included file edu/sjsu/cmpe/projectdemo/views/style.css"
! freemarker.template.TemplateException: Error reading included file edu/sjsu/cmpe/projectdemo/views/style.css
! at freemarker.core.Include.accept(Include.java:167) ~[freemarker-2.3.19.jar:2.3.19]
! at freemarker.core.Environment.visit(Environment.java:221) ~[freemarker-2.3.19.jar:2.3.19]
! at freemarker.core.MixedContent.accept(MixedContent.java:92) ~[freemarker-2.3.19.jar:2.3.19]
! at freemarker.core.Environment.visit(Environment.java:221) ~[freemarker-2.3.19.jar:2.3.19]
! at freemarker.core.Environment.process(Environment.java:199) ~[freemarker-2.3.19.jar:2.3.19]
! at freemarker.template.Template.process(Template.java:259) ~[freemarker-2.3.19.jar:2.3.19]
! at com.yammer.dropwizard.views.freemarker.FreemarkerViewRenderer.render(FreemarkerViewRenderer.java:56) ~[dropwizard-views-0.6.2.jar:na]
! at com.yammer.dropwizard.views.ViewMessageBodyWriter.writeTo(ViewMessageBodyWriter.java:74) ~[dropwizard-views-0.6.2.jar:na]
! at com.yammer.dropwizard.views.ViewMessageBodyWriter.writeTo(ViewMessageBodyWriter.java:22) ~[dropwizard-views-0.6.2.jar:na]
! at com.sun.jersey.spi.container.ContainerResponse.write(ContainerResponse.java:306) ~[jersey-server-1.17.1.jar:1.17.1]
! at com.sun.jersey.server.impl.application.WebApplicationImpl._handleRequest(WebApplicationImpl.java:1479) ~[jersey-server-1.17.1.jar:1.17.1]
! at com.sun.jersey.server.impl.application.WebApplicationImpl.handleRequest(WebApplicationImpl.java:1391) ~[jersey-server-1.17.1.jar:1.17.1]
! at com.sun.jersey.server.impl.application.WebApplicationImpl.handleRequest(WebApplicationImpl.java:1381) ~[jersey-server-1.17.1.jar:1.17.1]
! at com.sun.jersey.spi.container.servlet.WebComponent.service(WebComponent.java:416) ~[jersey-servlet-1.17.1.jar:1.17.1]
! at com.sun.jersey.spi.container.servlet.ServletContainer.service(ServletContainer.java:538) ~[jersey-servlet-1.17.1.jar:1.17.1]
! at com.sun.jersey.spi.container.servlet.ServletContainer.service(ServletContainer.java:716) ~[jersey-servlet-1.17.1.jar:1.17.1]
! at javax.servlet.http.HttpServlet.service(HttpServlet.java:848) ~[javax.servlet-3.0.0.v201112011016.jar:na]
! at org.eclipse.jetty.servlet.ServletHolder.handle(ServletHolder.java:669) ~[jetty-servlet-8.1.10.v20130312.jar:8.1.10.v20130312]
! at org.eclipse.jetty.servlet.ServletHandler$CachedChain.doFilter(ServletHandler.java:1448) ~[jetty-servlet-8.1.10.v20130312.jar:8.1.10.v20130312]
! at com.yammer.dropwizard.servlets.ThreadNameFilter.doFilter(ThreadNameFilter.java:29) ~[dropwizard-core-0.6.2.jar:na]
! at org.eclipse.jetty.servlet.ServletHandler$CachedChain.doFilter(ServletHandler.java:1419) ~[jetty-servlet-8.1.10.v20130312.jar:8.1.10.v20130312]
! at org.eclipse.jetty.servlet.ServletHandler.doHandle(ServletHandler.java:455) ~[jetty-servlet-8.1.10.v20130312.jar:8.1.10.v20130312]
! at org.eclipse.jetty.server.handler.ContextHandler.doHandle(ContextHandler.java:1075) ~[jetty-server-8.1.10.v20130312.jar:8.1.10.v20130312]
! at org.eclipse.jetty.servlet.ServletHandler.doScope(ServletHandler.java:384) ~[jetty-servlet-8.1.10.v20130312.jar:8.1.10.v20130312]
! at org.eclipse.jetty.server.handler.ContextHandler.doScope(ContextHandler.java:1009) ~[jetty-server-8.1.10.v20130312.jar:8.1.10.v20130312]
! at org.eclipse.jetty.server.handler.ScopedHandler.handle(ScopedHandler.java:135) ~[jetty-server-8.1.10.v20130312.jar:8.1.10.v20130312]
! at org.eclipse.jetty.server.handler.HandlerWrapper.handle(HandlerWrapper.java:116) ~[jetty-server-8.1.10.v20130312.jar:8.1.10.v20130312]
! at com.yammer.metrics.jetty.InstrumentedHandler.handle(InstrumentedHandler.java:200) ~[metrics-jetty-2.2.0.jar:na]
! at org.eclipse.jetty.server.handler.GzipHandler.handle(GzipHandler.java:264) ~[jetty-server-8.1.10.v20130312.jar:8.1.10.v20130312]
! at com.yammer.dropwizard.jetty.BiDiGzipHandler.handle(BiDiGzipHandler.java:123) ~[dropwizard-core-0.6.2.jar:na]
! at org.eclipse.jetty.server.handler.HandlerCollection.handle(HandlerCollection.java:154) ~[jetty-server-8.1.10.v20130312.jar:8.1.10.v20130312]
! at org.eclipse.jetty.server.handler.HandlerWrapper.handle(HandlerWrapper.java:116) ~[jetty-server-8.1.10.v20130312.jar:8.1.10.v20130312]
! at org.eclipse.jetty.server.Server.handle(Server.java:368) ~[jetty-server-8.1.10.v20130312.jar:8.1.10.v20130312]
! at org.eclipse.jetty.server.AbstractHttpConnection.handleRequest(AbstractHttpConnection.java:489) ~[jetty-server-8.1.10.v20130312.jar:8.1.10.v20130312]
! at org.eclipse.jetty.server.BlockingHttpConnection.handleRequest(BlockingHttpConnection.java:53) ~[jetty-server-8.1.10.v20130312.jar:8.1.10.v20130312]
! at org.eclipse.jetty.server.AbstractHttpConnection.headerComplete(AbstractHttpConnection.java:942) ~[jetty-server-8.1.10.v20130312.jar:8.1.10.v20130312]
! at org.eclipse.jetty.server.AbstractHttpConnection$RequestHandler.headerComplete(AbstractHttpConnection.java:1004) ~[jetty-server-8.1.10.v20130312.jar:8.1.10.v20130312]
! at org.eclipse.jetty.http.HttpParser.parseNext(HttpParser.java:640) ~[jetty-http-8.1.10.v20130312.jar:8.1.10.v20130312]
! at org.eclipse.jetty.http.HttpParser.parseAvailable(HttpParser.java:235) ~[jetty-http-8.1.10.v20130312.jar:8.1.10.v20130312]
! at org.eclipse.jetty.server.BlockingHttpConnection.handle(BlockingHttpConnection.java:72) ~[jetty-server-8.1.10.v20130312.jar:8.1.10.v20130312]
! at org.eclipse.jetty.server.nio.BlockingChannelConnector$BlockingChannelEndPoint.run(BlockingChannelConnector.java:298) ~[jetty-server-8.1.10.v20130312.jar:8.1.10.v20130312]
! at org.eclipse.jetty.util.thread.QueuedThreadPool.runJob(QueuedThreadPool.java:608) ~[jetty-util-8.1.10.v20130312.jar:8.1.10.v20130312]
! at org.eclipse.jetty.util.thread.QueuedThreadPool$3.run(QueuedThreadPool.java:543) ~[jetty-util-8.1.10.v20130312.jar:8.1.10.v20130312]
! at java.lang.Thread.run(Thread.java:724) ~[na:1.8.0-ea]
Caused by: ! java.io.FileNotFoundException: Template edu/sjsu/cmpe/projectdemo/views/style.css not found.
! at freemarker.template.Configuration.getTemplate(Configuration.java:580) ~[freemarker-2.3.19.jar:2.3.19]
! at freemarker.core.Environment.getTemplateForInclusion(Environment.java:1490) ~[freemarker-2.3.19.jar:2.3.19]
! at freemarker.core.Include.accept(Include.java:157) ~[freemarker-2.3.19.jar:2.3.19]
!... 43 common frames omitted
WARN  [2013-12-03 17:33:54,107] org.eclipse.jetty.servlet.ServletHandler: 
! javax.servlet.ServletException: com.sun.jersey.api.container.ContainerException: freemarker.template.TemplateException: Error reading included file edu/sjsu/cmpe/projectdemo/views/style.css
! at com.sun.jersey.spi.container.servlet.WebComponent.service(WebComponent.java:423) ~[jersey-servlet-1.17.1.jar:1.17.1]
! at com.sun.jersey.spi.container.servlet.ServletContainer.service(ServletContainer.java:538) ~[jersey-servlet-1.17.1.jar:1.17.1]
! at com.sun.jersey.spi.container.servlet.ServletContainer.service(ServletContainer.java:716) ~[jersey-servlet-1.17.1.jar:1.17.1]
! at javax.servlet.http.HttpServlet.service(HttpServlet.java:848) ~[javax.servlet-3.0.0.v201112011016.jar:na]
! at org.eclipse.jetty.servlet.ServletHolder.handle(ServletHolder.java:669) ~[jetty-servlet-8.1.10.v20130312.jar:8.1.10.v20130312]
! at org.eclipse.jetty.servlet.ServletHandler$CachedChain.doFilter(ServletHandler.java:1448) ~[jetty-servlet-8.1.10.v20130312.jar:8.1.10.v20130312]
! at com.yammer.dropwizard.servlets.ThreadNameFilter.doFilter(ThreadNameFilter.java:29) ~[dropwizard-core-0.6.2.jar:na]
! at org.eclipse.jetty.servlet.ServletHandler$CachedChain.doFilter(ServletHandler.java:1419) ~[jetty-servlet-8.1.10.v20130312.jar:8.1.10.v20130312]
! at org.eclipse.jetty.servlet.ServletHandler.doHandle(ServletHandler.java:455) ~[jetty-servlet-8.1.10.v20130312.jar:8.1.10.v20130312]
! at org.eclipse.jetty.server.handler.ContextHandler.doHandle(ContextHandler.java:1075) ~[jetty-server-8.1.10.v20130312.jar:8.1.10.v20130312]
! at org.eclipse.jetty.servlet.ServletHandler.doScope(ServletHandler.java:384) ~[jetty-servlet-8.1.10.v20130312.jar:8.1.10.v20130312]
! at org.eclipse.jetty.server.handler.ContextHandler.doScope(ContextHandler.java:1009) ~[jetty-server-8.1.10.v20130312.jar:8.1.10.v20130312]
! at org.eclipse.jetty.server.handler.ScopedHandler.handle(ScopedHandler.java:135) ~[jetty-server-8.1.10.v20130312.jar:8.1.10.v20130312]
! at org.eclipse.jetty.server.handler.HandlerWrapper.handle(HandlerWrapper.java:116) ~[jetty-server-8.1.10.v20130312.jar:8.1.10.v20130312]
! at com.yammer.metrics.jetty.InstrumentedHandler.handle(InstrumentedHandler.java:200) ~[metrics-jetty-2.2.0.jar:na]
! at org.eclipse.jetty.server.handler.GzipHandler.handle(GzipHandler.java:264) ~[jetty-server-8.1.10.v20130312.jar:8.1.10.v20130312]
! at com.yammer.dropwizard.jetty.BiDiGzipHandler.handle(BiDiGzipHandler.java:123) ~[dropwizard-core-0.6.2.jar:na]
! at org.eclipse.jetty.server.handler.HandlerCollection.handle(HandlerCollection.java:154) ~[jetty-server-8.1.10.v20130312.jar:8.1.10.v20130312]
! at org.eclipse.jetty.server.handler.HandlerWrapper.handle(HandlerWrapper.java:116) ~[jetty-server-8.1.10.v20130312.jar:8.1.10.v20130312]
! at org.eclipse.jetty.server.Server.handle(Server.java:368) ~[jetty-server-8.1.10.v20130312.jar:8.1.10.v20130312]
! at org.eclipse.jetty.server.AbstractHttpConnection.handleRequest(AbstractHttpConnection.java:489) ~[jetty-server-8.1.10.v20130312.jar:8.1.10.v20130312]
! at org.eclipse.jetty.server.BlockingHttpConnection.handleRequest(BlockingHttpConnection.java:53) ~[jetty-server-8.1.10.v20130312.jar:8.1.10.v20130312]
! at org.eclipse.jetty.server.AbstractHttpConnection.headerComplete(AbstractHttpConnection.java:942) ~[jetty-server-8.1.10.v20130312.jar:8.1.10.v20130312]
! at org.eclipse.jetty.server.AbstractHttpConnection$RequestHandler.headerComplete(AbstractHttpConnection.java:1004) ~[jetty-server-8.1.10.v20130312.jar:8.1.10.v20130312]
! at org.eclipse.jetty.http.HttpParser.parseNext(HttpParser.java:640) ~[jetty-http-8.1.10.v20130312.jar:8.1.10.v20130312]
! at org.eclipse.jetty.http.HttpParser.parseAvailable(HttpParser.java:235) ~[jetty-http-8.1.10.v20130312.jar:8.1.10.v20130312]
! at org.eclipse.jetty.server.BlockingHttpConnection.handle(BlockingHttpConnection.java:72) ~[jetty-server-8.1.10.v20130312.jar:8.1.10.v20130312]
! at org.eclipse.jetty.server.nio.BlockingChannelConnector$BlockingChannelEndPoint.run(BlockingChannelConnector.java:298) ~[jetty-server-8.1.10.v20130312.jar:8.1.10.v20130312]
! at org.eclipse.jetty.util.thread.QueuedThreadPool.runJob(QueuedThreadPool.java:608) ~[jetty-util-8.1.10.v20130312.jar:8.1.10.v20130312]
! at org.eclipse.jetty.util.thread.QueuedThreadPool$3.run(QueuedThreadPool.java:543) ~[jetty-util-8.1.10.v20130312.jar:8.1.10.v20130312]
! at java.lang.Thread.run(Thread.java:724) ~[na:1.8.0-ea]
Caused by: ! com.sun.jersey.api.container.ContainerException: freemarker.template.TemplateException: Error reading included file edu/sjsu/cmpe/projectdemo/views/style.css
! at com.yammer.dropwizard.views.freemarker.FreemarkerViewRenderer.render(FreemarkerViewRenderer.java:58) ~[dropwizard-views-0.6.2.jar:na]
! at com.yammer.dropwizard.views.ViewMessageBodyWriter.writeTo(ViewMessageBodyWriter.java:74) ~[dropwizard-views-0.6.2.jar:na]
! at com.yammer.dropwizard.views.ViewMessageBodyWriter.writeTo(ViewMessageBodyWriter.java:22) ~[dropwizard-views-0.6.2.jar:na]
! at com.sun.jersey.spi.container.ContainerResponse.write(ContainerResponse.java:306) ~[jersey-server-1.17.1.jar:1.17.1]
! at com.sun.jersey.server.impl.application.WebApplicationImpl._handleRequest(WebApplicationImpl.java:1479) ~[jersey-server-1.17.1.jar:1.17.1]
! at com.sun.jersey.server.impl.application.WebApplicationImpl.handleRequest(WebApplicationImpl.java:1391) ~[jersey-server-1.17.1.jar:1.17.1]
! at com.sun.jersey.server.impl.application.WebApplicationImpl.handleRequest(WebApplicationImpl.java:1381) ~[jersey-server-1.17.1.jar:1.17.1]
! at com.sun.jersey.spi.container.servlet.WebComponent.service(WebComponent.java:416) ~[jersey-servlet-1.17.1.jar:1.17.1]
!... 30 common frames omitted
Caused by: ! freemarker.template.TemplateException: Error reading included file edu/sjsu/cmpe/projectdemo/views/style.css
! at freemarker.core.Include.accept(Include.java:167) ~[freemarker-2.3.19.jar:2.3.19]
! at freemarker.core.Environment.visit(Environment.java:221) ~[freemarker-2.3.19.jar:2.3.19]
! at freemarker.core.MixedContent.accept(MixedContent.java:92) ~[freemarker-2.3.19.jar:2.3.19]
! at freemarker.core.Environment.visit(Environment.java:221) ~[freemarker-2.3.19.jar:2.3.19]
! at freemarker.core.Environment.process(Environment.java:199) ~[freemarker-2.3.19.jar:2.3.19]
! at freemarker.template.Template.process(Template.java:259) ~[freemarker-2.3.19.jar:2.3.19]
! at com.yammer.dropwizard.views.freemarker.FreemarkerViewRenderer.render(FreemarkerViewRenderer.java:56) ~[dropwizard-views-0.6.2.jar:na]
!... 37 common frames omitted
Caused by: ! java.io.FileNotFoundException: Template edu/sjsu/cmpe/projectdemo/views/style.css not found.
! at freemarker.template.Configuration.getTemplate(Configuration.java:580) ~[freemarker-2.3.19.jar:2.3.19]
! at freemarker.core.Environment.getTemplateForInclusion(Environment.java:1490) ~[freemarker-2.3.19.jar:2.3.19]
! at freemarker.core.Include.accept(Include.java:157) ~[freemarker-2.3.19.jar:2.3.19]
!... 43 common frames omitted
WARN  [2013-12-03 17:33:54,109] org.eclipse.jetty.servlet.ServletHandler: /portal/login
! com.sun.jersey.api.container.ContainerException: freemarker.template.TemplateException: Error reading included file edu/sjsu/cmpe/projectdemo/views/style.css
! at com.yammer.dropwizard.views.freemarker.FreemarkerViewRenderer.render(FreemarkerViewRenderer.java:58) ~[dropwizard-views-0.6.2.jar:na]
! at com.yammer.dropwizard.views.ViewMessageBodyWriter.writeTo(ViewMessageBodyWriter.java:74) ~[dropwizard-views-0.6.2.jar:na]
! at com.yammer.dropwizard.views.ViewMessageBodyWriter.writeTo(ViewMessageBodyWriter.java:22) ~[dropwizard-views-0.6.2.jar:na]
! at com.sun.jersey.spi.container.ContainerResponse.write(ContainerResponse.java:306) ~[jersey-server-1.17.1.jar:1.17.1]
! at com.sun.jersey.server.impl.application.WebApplicationImpl._handleRequest(WebApplicationImpl.java:1479) ~[jersey-server-1.17.1.jar:1.17.1]
! at com.sun.jersey.server.impl.application.WebApplicationImpl.handleRequest(WebApplicationImpl.java:1391) ~[jersey-server-1.17.1.jar:1.17.1]
! at com.sun.jersey.server.impl.application.WebApplicationImpl.handleRequest(WebApplicationImpl.java:1381) ~[jersey-server-1.17.1.jar:1.17.1]
! at com.sun.jersey.spi.container.servlet.WebComponent.service(WebComponent.java:416) ~[jersey-servlet-1.17.1.jar:1.17.1]
! at com.sun.jersey.spi.container.servlet.ServletContainer.service(ServletContainer.java:538) ~[jersey-servlet-1.17.1.jar:1.17.1]
! at com.sun.jersey.spi.container.servlet.ServletContainer.service(ServletContainer.java:716) ~[jersey-servlet-1.17.1.jar:1.17.1]
! at javax.servlet.http.HttpServlet.service(HttpServlet.java:848) ~[javax.servlet-3.0.0.v201112011016.jar:na]
! at org.eclipse.jetty.servlet.ServletHolder.handle(ServletHolder.java:669) ~[jetty-servlet-8.1.10.v20130312.jar:8.1.10.v20130312]
! at org.eclipse.jetty.servlet.ServletHandler$CachedChain.doFilter(ServletHandler.java:1448) ~[jetty-servlet-8.1.10.v20130312.jar:8.1.10.v20130312]
! at com.yammer.dropwizard.servlets.ThreadNameFilter.doFilter(ThreadNameFilter.java:29) ~[dropwizard-core-0.6.2.jar:na]
! at org.eclipse.jetty.servlet.ServletHandler$CachedChain.doFilter(ServletHandler.java:1419) ~[jetty-servlet-8.1.10.v20130312.jar:8.1.10.v20130312]
! at org.eclipse.jetty.servlet.ServletHandler.doHandle(ServletHandler.java:455) ~[jetty-servlet-8.1.10.v20130312.jar:8.1.10.v20130312]
! at org.eclipse.jetty.server.handler.ContextHandler.doHandle(ContextHandler.java:1075) ~[jetty-server-8.1.10.v20130312.jar:8.1.10.v20130312]
! at org.eclipse.jetty.servlet.ServletHandler.doScope(ServletHandler.java:384) ~[jetty-servlet-8.1.10.v20130312.jar:8.1.10.v20130312]
! at org.eclipse.jetty.server.handler.ContextHandler.doScope(ContextHandler.java:1009) ~[jetty-server-8.1.10.v20130312.jar:8.1.10.v20130312]
! at org.eclipse.jetty.server.handler.ScopedHandler.handle(ScopedHandler.java:135) ~[jetty-server-8.1.10.v20130312.jar:8.1.10.v20130312]
! at org.eclipse.jetty.server.handler.HandlerWrapper.handle(HandlerWrapper.java:116) ~[jetty-server-8.1.10.v20130312.jar:8.1.10.v20130312]
! at com.yammer.metrics.jetty.InstrumentedHandler.handle(InstrumentedHandler.java:200) ~[metrics-jetty-2.2.0.jar:na]
! at org.eclipse.jetty.server.handler.GzipHandler.handle(GzipHandler.java:264) ~[jetty-server-8.1.10.v20130312.jar:8.1.10.v20130312]
! at com.yammer.dropwizard.jetty.BiDiGzipHandler.handle(BiDiGzipHandler.java:123) ~[dropwizard-core-0.6.2.jar:na]
! at org.eclipse.jetty.server.handler.HandlerCollection.handle(HandlerCollection.java:154) ~[jetty-server-8.1.10.v20130312.jar:8.1.10.v20130312]
! at org.eclipse.jetty.server.handler.HandlerWrapper.handle(HandlerWrapper.java:116) ~[jetty-server-8.1.10.v20130312.jar:8.1.10.v20130312]
! at org.eclipse.jetty.server.Server.handle(Server.java:368) ~[jetty-server-8.1.10.v20130312.jar:8.1.10.v20130312]
! at org.eclipse.jetty.server.AbstractHttpConnection.handleRequest(AbstractHttpConnection.java:489) ~[jetty-server-8.1.10.v20130312.jar:8.1.10.v20130312]
! at org.eclipse.jetty.server.BlockingHttpConnection.handleRequest(BlockingHttpConnection.java:53) ~[jetty-server-8.1.10.v20130312.jar:8.1.10.v20130312]
! at org.eclipse.jetty.server.AbstractHttpConnection.headerComplete(AbstractHttpConnection.java:942) ~[jetty-server-8.1.10.v20130312.jar:8.1.10.v20130312]
! at org.eclipse.jetty.server.AbstractHttpConnection$RequestHandler.headerComplete(AbstractHttpConnection.java:1004) ~[jetty-server-8.1.10.v20130312.jar:8.1.10.v20130312]
! at org.eclipse.jetty.http.HttpParser.parseNext(HttpParser.java:640) ~[jetty-http-8.1.10.v20130312.jar:8.1.10.v20130312]
! at org.eclipse.jetty.http.HttpParser.parseAvailable(HttpParser.java:235) ~[jetty-http-8.1.10.v20130312.jar:8.1.10.v20130312]
! at org.eclipse.jetty.server.BlockingHttpConnection.handle(BlockingHttpConnection.java:72) ~[jetty-server-8.1.10.v20130312.jar:8.1.10.v20130312]
! at org.eclipse.jetty.server.nio.BlockingChannelConnector$BlockingChannelEndPoint.run(BlockingChannelConnector.java:298) ~[jetty-server-8.1.10.v20130312.jar:8.1.10.v20130312]
! at org.eclipse.jetty.util.thread.QueuedThreadPool.runJob(QueuedThreadPool.java:608) ~[jetty-util-8.1.10.v20130312.jar:8.1.10.v20130312]
! at org.eclipse.jetty.util.thread.QueuedThreadPool$3.run(QueuedThreadPool.java:543) ~[jetty-util-8.1.10.v20130312.jar:8.1.10.v20130312]
! at java.lang.Thread.run(Thread.java:724) ~[na:1.8.0-ea]
Caused by: ! freemarker.template.TemplateException: Error reading included file edu/sjsu/cmpe/projectdemo/views/style.css
! at freemarker.core.Include.accept(Include.java:167) ~[freemarker-2.3.19.jar:2.3.19]
! at freemarker.core.Environment.visit(Environment.java:221) ~[freemarker-2.3.19.jar:2.3.19]
! at freemarker.core.MixedContent.accept(MixedContent.java:92) ~[freemarker-2.3.19.jar:2.3.19]
! at freemarker.core.Environment.visit(Environment.java:221) ~[freemarker-2.3.19.jar:2.3.19]
! at freemarker.core.Environment.process(Environment.java:199) ~[freemarker-2.3.19.jar:2.3.19]
! at freemarker.template.Template.process(Template.java:259) ~[freemarker-2.3.19.jar:2.3.19]
! at com.yammer.dropwizard.views.freemarker.FreemarkerViewRenderer.render(FreemarkerViewRenderer.java:56) ~[dropwizard-views-0.6.2.jar:na]
!... 37 common frames omitted
Caused by: ! java.io.FileNotFoundException: Template edu/sjsu/cmpe/projectdemo/views/style.css not found.
! at freemarker.template.Configuration.getTemplate(Configuration.java:580) ~[freemarker-2.3.19.jar:2.3.19]
! at freemarker.core.Environment.getTemplateForInclusion(Environment.java:1490) ~[freemarker-2.3.19.jar:2.3.19]
! at freemarker.core.Include.accept(Include.java:157) ~[freemarker-2.3.19.jar:2.3.19]
!... 43 common frames omitted
ERROR [2013-12-03 17:34:17,103] freemarker.runtime: Template processing error: "Error reading included file edu/sjsu/cmpe/projectdemo/views/style.css"
! freemarker.template.TemplateException: Error reading included file edu/sjsu/cmpe/projectdemo/views/style.css
! at freemarker.core.Include.accept(Include.java:167) ~[freemarker-2.3.19.jar:2.3.19]
! at freemarker.core.Environment.visit(Environment.java:221) ~[freemarker-2.3.19.jar:2.3.19]
! at freemarker.core.MixedContent.accept(MixedContent.java:92) ~[freemarker-2.3.19.jar:2.3.19]
! at freemarker.core.Environment.visit(Environment.java:221) ~[freemarker-2.3.19.jar:2.3.19]
! at freemarker.core.Environment.process(Environment.java:199) ~[freemarker-2.3.19.jar:2.3.19]
! at freemarker.template.Template.process(Template.java:259) ~[freemarker-2.3.19.jar:2.3.19]
! at com.yammer.dropwizard.views.freemarker.FreemarkerViewRenderer.render(FreemarkerViewRenderer.java:56) ~[dropwizard-views-0.6.2.jar:na]
! at com.yammer.dropwizard.views.ViewMessageBodyWriter.writeTo(ViewMessageBodyWriter.java:74) ~[dropwizard-views-0.6.2.jar:na]
! at com.yammer.dropwizard.views.ViewMessageBodyWriter.writeTo(ViewMessageBodyWriter.java:22) ~[dropwizard-views-0.6.2.jar:na]
! at com.sun.jersey.spi.container.ContainerResponse.write(ContainerResponse.java:306) ~[jersey-server-1.17.1.jar:1.17.1]
! at com.sun.jersey.server.impl.application.WebApplicationImpl._handleRequest(WebApplicationImpl.java:1479) ~[jersey-server-1.17.1.jar:1.17.1]
! at com.sun.jersey.server.impl.application.WebApplicationImpl.handleRequest(WebApplicationImpl.java:1391) ~[jersey-server-1.17.1.jar:1.17.1]
! at com.sun.jersey.server.impl.application.WebApplicationImpl.handleRequest(WebApplicationImpl.java:1381) ~[jersey-server-1.17.1.jar:1.17.1]
! at com.sun.jersey.spi.container.servlet.WebComponent.service(WebComponent.java:416) ~[jersey-servlet-1.17.1.jar:1.17.1]
! at com.sun.jersey.spi.container.servlet.ServletContainer.service(ServletContainer.java:538) ~[jersey-servlet-1.17.1.jar:1.17.1]
! at com.sun.jersey.spi.container.servlet.ServletContainer.service(ServletContainer.java:716) ~[jersey-servlet-1.17.1.jar:1.17.1]
! at javax.servlet.http.HttpServlet.service(HttpServlet.java:848) ~[javax.servlet-3.0.0.v201112011016.jar:na]
! at org.eclipse.jetty.servlet.ServletHolder.handle(ServletHolder.java:669) ~[jetty-servlet-8.1.10.v20130312.jar:8.1.10.v20130312]
! at org.eclipse.jetty.servlet.ServletHandler$CachedChain.doFilter(ServletHandler.java:1448) ~[jetty-servlet-8.1.10.v20130312.jar:8.1.10.v20130312]
! at com.yammer.dropwizard.servlets.ThreadNameFilter.doFilter(ThreadNameFilter.java:29) ~[dropwizard-core-0.6.2.jar:na]
! at org.eclipse.jetty.servlet.ServletHandler$CachedChain.doFilter(ServletHandler.java:1419) ~[jetty-servlet-8.1.10.v20130312.jar:8.1.10.v20130312]
! at org.eclipse.jetty.servlet.ServletHandler.doHandle(ServletHandler.java:455) ~[jetty-servlet-8.1.10.v20130312.jar:8.1.10.v20130312]
! at org.eclipse.jetty.server.handler.ContextHandler.doHandle(ContextHandler.java:1075) ~[jetty-server-8.1.10.v20130312.jar:8.1.10.v20130312]
! at org.eclipse.jetty.servlet.ServletHandler.doScope(ServletHandler.java:384) ~[jetty-servlet-8.1.10.v20130312.jar:8.1.10.v20130312]
! at org.eclipse.jetty.server.handler.ContextHandler.doScope(ContextHandler.java:1009) ~[jetty-server-8.1.10.v20130312.jar:8.1.10.v20130312]
! at org.eclipse.jetty.server.handler.ScopedHandler.handle(ScopedHandler.java:135) ~[jetty-server-8.1.10.v20130312.jar:8.1.10.v20130312]
! at org.eclipse.jetty.server.handler.HandlerWrapper.handle(HandlerWrapper.java:116) ~[jetty-server-8.1.10.v20130312.jar:8.1.10.v20130312]
! at com.yammer.metrics.jetty.InstrumentedHandler.handle(InstrumentedHandler.java:200) ~[metrics-jetty-2.2.0.jar:na]
! at org.eclipse.jetty.server.handler.GzipHandler.handle(GzipHandler.java:264) ~[jetty-server-8.1.10.v20130312.jar:8.1.10.v20130312]
! at com.yammer.dropwizard.jetty.BiDiGzipHandler.handle(BiDiGzipHandler.java:123) ~[dropwizard-core-0.6.2.jar:na]
! at org.eclipse.jetty.server.handler.HandlerCollection.handle(HandlerCollection.java:154) ~[jetty-server-8.1.10.v20130312.jar:8.1.10.v20130312]
! at org.eclipse.jetty.server.handler.HandlerWrapper.handle(HandlerWrapper.java:116) ~[jetty-server-8.1.10.v20130312.jar:8.1.10.v20130312]
! at org.eclipse.jetty.server.Server.handle(Server.java:368) ~[jetty-server-8.1.10.v20130312.jar:8.1.10.v20130312]
! at org.eclipse.jetty.server.AbstractHttpConnection.handleRequest(AbstractHttpConnection.java:489) ~[jetty-server-8.1.10.v20130312.jar:8.1.10.v20130312]
! at org.eclipse.jetty.server.BlockingHttpConnection.handleRequest(BlockingHttpConnection.java:53) ~[jetty-server-8.1.10.v20130312.jar:8.1.10.v20130312]
! at org.eclipse.jetty.server.AbstractHttpConnection.headerComplete(AbstractHttpConnection.java:942) ~[jetty-server-8.1.10.v20130312.jar:8.1.10.v20130312]
! at org.eclipse.jetty.server.AbstractHttpConnection$RequestHandler.headerComplete(AbstractHttpConnection.java:1004) ~[jetty-server-8.1.10.v20130312.jar:8.1.10.v20130312]
! at org.eclipse.jetty.http.HttpParser.parseNext(HttpParser.java:640) ~[jetty-http-8.1.10.v20130312.jar:8.1.10.v20130312]
! at org.eclipse.jetty.http.HttpParser.parseAvailable(HttpParser.java:235) ~[jetty-http-8.1.10.v20130312.jar:8.1.10.v20130312]
! at org.eclipse.jetty.server.BlockingHttpConnection.handle(BlockingHttpConnection.java:72) ~[jetty-server-8.1.10.v20130312.jar:8.1.10.v20130312]
! at org.eclipse.jetty.server.nio.BlockingChannelConnector$BlockingChannelEndPoint.run(BlockingChannelConnector.java:298) ~[jetty-server-8.1.10.v20130312.jar:8.1.10.v20130312]
! at org.eclipse.jetty.util.thread.QueuedThreadPool.runJob(QueuedThreadPool.java:608) ~[jetty-util-8.1.10.v20130312.jar:8.1.10.v20130312]
! at org.eclipse.jetty.util.thread.QueuedThreadPool$3.run(QueuedThreadPool.java:543) ~[jetty-util-8.1.10.v20130312.jar:8.1.10.v20130312]
! at java.lang.Thread.run(Thread.java:724) ~[na:1.8.0-ea]
Caused by: ! java.io.FileNotFoundException: Template edu/sjsu/cmpe/projectdemo/views/style.css not found.
! at freemarker.template.Configuration.getTemplate(Configuration.java:580) ~[freemarker-2.3.19.jar:2.3.19]
! at freemarker.core.Environment.getTemplateForInclusion(Environment.java:1490) ~[freemarker-2.3.19.jar:2.3.19]
! at freemarker.core.Include.accept(Include.java:157) ~[freemarker-2.3.19.jar:2.3.19]
!... 43 common frames omitted
WARN  [2013-12-03 17:34:17,106] org.eclipse.jetty.servlet.ServletHandler: 
! javax.servlet.ServletException: com.sun.jersey.api.container.ContainerException: freemarker.template.TemplateException: Error reading included file edu/sjsu/cmpe/projectdemo/views/style.css
! at com.sun.jersey.spi.container.servlet.WebComponent.service(WebComponent.java:423) ~[jersey-servlet-1.17.1.jar:1.17.1]
! at com.sun.jersey.spi.container.servlet.ServletContainer.service(ServletContainer.java:538) ~[jersey-servlet-1.17.1.jar:1.17.1]
! at com.sun.jersey.spi.container.servlet.ServletContainer.service(ServletContainer.java:716) ~[jersey-servlet-1.17.1.jar:1.17.1]
! at javax.servlet.http.HttpServlet.service(HttpServlet.java:848) ~[javax.servlet-3.0.0.v201112011016.jar:na]
! at org.eclipse.jetty.servlet.ServletHolder.handle(ServletHolder.java:669) ~[jetty-servlet-8.1.10.v20130312.jar:8.1.10.v20130312]
! at org.eclipse.jetty.servlet.ServletHandler$CachedChain.doFilter(ServletHandler.java:1448) ~[jetty-servlet-8.1.10.v20130312.jar:8.1.10.v20130312]
! at com.yammer.dropwizard.servlets.ThreadNameFilter.doFilter(ThreadNameFilter.java:29) ~[dropwizard-core-0.6.2.jar:na]
! at org.eclipse.jetty.servlet.ServletHandler$CachedChain.doFilter(ServletHandler.java:1419) ~[jetty-servlet-8.1.10.v20130312.jar:8.1.10.v20130312]
! at org.eclipse.jetty.servlet.ServletHandler.doHandle(ServletHandler.java:455) ~[jetty-servlet-8.1.10.v20130312.jar:8.1.10.v20130312]
! at org.eclipse.jetty.server.handler.ContextHandler.doHandle(ContextHandler.java:1075) ~[jetty-server-8.1.10.v20130312.jar:8.1.10.v20130312]
! at org.eclipse.jetty.servlet.ServletHandler.doScope(ServletHandler.java:384) ~[jetty-servlet-8.1.10.v20130312.jar:8.1.10.v20130312]
! at org.eclipse.jetty.server.handler.ContextHandler.doScope(ContextHandler.java:1009) ~[jetty-server-8.1.10.v20130312.jar:8.1.10.v20130312]
! at org.eclipse.jetty.server.handler.ScopedHandler.handle(ScopedHandler.java:135) ~[jetty-server-8.1.10.v20130312.jar:8.1.10.v20130312]
! at org.eclipse.jetty.server.handler.HandlerWrapper.handle(HandlerWrapper.java:116) ~[jetty-server-8.1.10.v20130312.jar:8.1.10.v20130312]
! at com.yammer.metrics.jetty.InstrumentedHandler.handle(InstrumentedHandler.java:200) ~[metrics-jetty-2.2.0.jar:na]
! at org.eclipse.jetty.server.handler.GzipHandler.handle(GzipHandler.java:264) ~[jetty-server-8.1.10.v20130312.jar:8.1.10.v20130312]
! at com.yammer.dropwizard.jetty.BiDiGzipHandler.handle(BiDiGzipHandler.java:123) ~[dropwizard-core-0.6.2.jar:na]
! at org.eclipse.jetty.server.handler.HandlerCollection.handle(HandlerCollection.java:154) ~[jetty-server-8.1.10.v20130312.jar:8.1.10.v20130312]
! at org.eclipse.jetty.server.handler.HandlerWrapper.handle(HandlerWrapper.java:116) ~[jetty-server-8.1.10.v20130312.jar:8.1.10.v20130312]
! at org.eclipse.jetty.server.Server.handle(Server.java:368) ~[jetty-server-8.1.10.v20130312.jar:8.1.10.v20130312]
! at org.eclipse.jetty.server.AbstractHttpConnection.handleRequest(AbstractHttpConnection.java:489) ~[jetty-server-8.1.10.v20130312.jar:8.1.10.v20130312]
! at org.eclipse.jetty.server.BlockingHttpConnection.handleRequest(BlockingHttpConnection.java:53) ~[jetty-server-8.1.10.v20130312.jar:8.1.10.v20130312]
! at org.eclipse.jetty.server.AbstractHttpConnection.headerComplete(AbstractHttpConnection.java:942) ~[jetty-server-8.1.10.v20130312.jar:8.1.10.v20130312]
! at org.eclipse.jetty.server.AbstractHttpConnection$RequestHandler.headerComplete(AbstractHttpConnection.java:1004) ~[jetty-server-8.1.10.v20130312.jar:8.1.10.v20130312]
! at org.eclipse.jetty.http.HttpParser.parseNext(HttpParser.java:640) ~[jetty-http-8.1.10.v20130312.jar:8.1.10.v20130312]
! at org.eclipse.jetty.http.HttpParser.parseAvailable(HttpParser.java:235) ~[jetty-http-8.1.10.v20130312.jar:8.1.10.v20130312]
! at org.eclipse.jetty.server.BlockingHttpConnection.handle(BlockingHttpConnection.java:72) ~[jetty-server-8.1.10.v20130312.jar:8.1.10.v20130312]
! at org.eclipse.jetty.server.nio.BlockingChannelConnector$BlockingChannelEndPoint.run(BlockingChannelConnector.java:298) ~[jetty-server-8.1.10.v20130312.jar:8.1.10.v20130312]
! at org.eclipse.jetty.util.thread.QueuedThreadPool.runJob(QueuedThreadPool.java:608) ~[jetty-util-8.1.10.v20130312.jar:8.1.10.v20130312]
! at org.eclipse.jetty.util.thread.QueuedThreadPool$3.run(QueuedThreadPool.java:543) ~[jetty-util-8.1.10.v20130312.jar:8.1.10.v20130312]
! at java.lang.Thread.run(Thread.java:724) ~[na:1.8.0-ea]
Caused by: ! com.sun.jersey.api.container.ContainerException: freemarker.template.TemplateException: Error reading included file edu/sjsu/cmpe/projectdemo/views/style.css
! at com.yammer.dropwizard.views.freemarker.FreemarkerViewRenderer.render(FreemarkerViewRenderer.java:58) ~[dropwizard-views-0.6.2.jar:na]
! at com.yammer.dropwizard.views.ViewMessageBodyWriter.writeTo(ViewMessageBodyWriter.java:74) ~[dropwizard-views-0.6.2.jar:na]
! at com.yammer.dropwizard.views.ViewMessageBodyWriter.writeTo(ViewMessageBodyWriter.java:22) ~[dropwizard-views-0.6.2.jar:na]
! at com.sun.jersey.spi.container.ContainerResponse.write(ContainerResponse.java:306) ~[jersey-server-1.17.1.jar:1.17.1]
! at com.sun.jersey.server.impl.application.WebApplicationImpl._handleRequest(WebApplicationImpl.java:1479) ~[jersey-server-1.17.1.jar:1.17.1]
! at com.sun.jersey.server.impl.application.WebApplicationImpl.handleRequest(WebApplicationImpl.java:1391) ~[jersey-server-1.17.1.jar:1.17.1]
! at com.sun.jersey.server.impl.application.WebApplicationImpl.handleRequest(WebApplicationImpl.java:1381) ~[jersey-server-1.17.1.jar:1.17.1]
! at com.sun.jersey.spi.container.servlet.WebComponent.service(WebComponent.java:416) ~[jersey-servlet-1.17.1.jar:1.17.1]
!... 30 common frames omitted
Caused by: ! freemarker.template.TemplateException: Error reading included file edu/sjsu/cmpe/projectdemo/views/style.css
! at freemarker.core.Include.accept(Include.java:167) ~[freemarker-2.3.19.jar:2.3.19]
! at freemarker.core.Environment.visit(Environment.java:221) ~[freemarker-2.3.19.jar:2.3.19]
! at freemarker.core.MixedContent.accept(MixedContent.java:92) ~[freemarker-2.3.19.jar:2.3.19]
! at freemarker.core.Environment.visit(Environment.java:221) ~[freemarker-2.3.19.jar:2.3.19]
! at freemarker.core.Environment.process(Environment.java:199) ~[freemarker-2.3.19.jar:2.3.19]
! at freemarker.template.Template.process(Template.java:259) ~[freemarker-2.3.19.jar:2.3.19]
! at com.yammer.dropwizard.views.freemarker.FreemarkerViewRenderer.render(FreemarkerViewRenderer.java:56) ~[dropwizard-views-0.6.2.jar:na]
!... 37 common frames omitted
Caused by: ! java.io.FileNotFoundException: Template edu/sjsu/cmpe/projectdemo/views/style.css not found.
! at freemarker.template.Configuration.getTemplate(Configuration.java:580) ~[freemarker-2.3.19.jar:2.3.19]
! at freemarker.core.Environment.getTemplateForInclusion(Environment.java:1490) ~[freemarker-2.3.19.jar:2.3.19]
! at freemarker.core.Include.accept(Include.java:157) ~[freemarker-2.3.19.jar:2.3.19]
!... 43 common frames omitted
WARN  [2013-12-03 17:34:17,108] org.eclipse.jetty.servlet.ServletHandler: /portal/login/donor/home
! com.sun.jersey.api.container.ContainerException: freemarker.template.TemplateException: Error reading included file edu/sjsu/cmpe/projectdemo/views/style.css
! at com.yammer.dropwizard.views.freemarker.FreemarkerViewRenderer.render(FreemarkerViewRenderer.java:58) ~[dropwizard-views-0.6.2.jar:na]
! at com.yammer.dropwizard.views.ViewMessageBodyWriter.writeTo(ViewMessageBodyWriter.java:74) ~[dropwizard-views-0.6.2.jar:na]
! at com.yammer.dropwizard.views.ViewMessageBodyWriter.writeTo(ViewMessageBodyWriter.java:22) ~[dropwizard-views-0.6.2.jar:na]
! at com.sun.jersey.spi.container.ContainerResponse.write(ContainerResponse.java:306) ~[jersey-server-1.17.1.jar:1.17.1]
! at com.sun.jersey.server.impl.application.WebApplicationImpl._handleRequest(WebApplicationImpl.java:1479) ~[jersey-server-1.17.1.jar:1.17.1]
! at com.sun.jersey.server.impl.application.WebApplicationImpl.handleRequest(WebApplicationImpl.java:1391) ~[jersey-server-1.17.1.jar:1.17.1]
! at com.sun.jersey.server.impl.application.WebApplicationImpl.handleRequest(WebApplicationImpl.java:1381) ~[jersey-server-1.17.1.jar:1.17.1]
! at com.sun.jersey.spi.container.servlet.WebComponent.service(WebComponent.java:416) ~[jersey-servlet-1.17.1.jar:1.17.1]
! at com.sun.jersey.spi.container.servlet.ServletContainer.service(ServletContainer.java:538) ~[jersey-servlet-1.17.1.jar:1.17.1]
! at com.sun.jersey.spi.container.servlet.ServletContainer.service(ServletContainer.java:716) ~[jersey-servlet-1.17.1.jar:1.17.1]
! at javax.servlet.http.HttpServlet.service(HttpServlet.java:848) ~[javax.servlet-3.0.0.v201112011016.jar:na]
! at org.eclipse.jetty.servlet.ServletHolder.handle(ServletHolder.java:669) ~[jetty-servlet-8.1.10.v20130312.jar:8.1.10.v20130312]
! at org.eclipse.jetty.servlet.ServletHandler$CachedChain.doFilter(ServletHandler.java:1448) ~[jetty-servlet-8.1.10.v20130312.jar:8.1.10.v20130312]
! at com.yammer.dropwizard.servlets.ThreadNameFilter.doFilter(ThreadNameFilter.java:29) ~[dropwizard-core-0.6.2.jar:na]
! at org.eclipse.jetty.servlet.ServletHandler$CachedChain.doFilter(ServletHandler.java:1419) ~[jetty-servlet-8.1.10.v20130312.jar:8.1.10.v20130312]
! at org.eclipse.jetty.servlet.ServletHandler.doHandle(ServletHandler.java:455) ~[jetty-servlet-8.1.10.v20130312.jar:8.1.10.v20130312]
! at org.eclipse.jetty.server.handler.ContextHandler.doHandle(ContextHandler.java:1075) ~[jetty-server-8.1.10.v20130312.jar:8.1.10.v20130312]
! at org.eclipse.jetty.servlet.ServletHandler.doScope(ServletHandler.java:384) ~[jetty-servlet-8.1.10.v20130312.jar:8.1.10.v20130312]
! at org.eclipse.jetty.server.handler.ContextHandler.doScope(ContextHandler.java:1009) ~[jetty-server-8.1.10.v20130312.jar:8.1.10.v20130312]
! at org.eclipse.jetty.server.handler.ScopedHandler.handle(ScopedHandler.java:135) ~[jetty-server-8.1.10.v20130312.jar:8.1.10.v20130312]
! at org.eclipse.jetty.server.handler.HandlerWrapper.handle(HandlerWrapper.java:116) ~[jetty-server-8.1.10.v20130312.jar:8.1.10.v20130312]
! at com.yammer.metrics.jetty.InstrumentedHandler.handle(InstrumentedHandler.java:200) ~[metrics-jetty-2.2.0.jar:na]
! at org.eclipse.jetty.server.handler.GzipHandler.handle(GzipHandler.java:264) ~[jetty-server-8.1.10.v20130312.jar:8.1.10.v20130312]
! at com.yammer.dropwizard.jetty.BiDiGzipHandler.handle(BiDiGzipHandler.java:123) ~[dropwizard-core-0.6.2.jar:na]
! at org.eclipse.jetty.server.handler.HandlerCollection.handle(HandlerCollection.java:154) ~[jetty-server-8.1.10.v20130312.jar:8.1.10.v20130312]
! at org.eclipse.jetty.server.handler.HandlerWrapper.handle(HandlerWrapper.java:116) ~[jetty-server-8.1.10.v20130312.jar:8.1.10.v20130312]
! at org.eclipse.jetty.server.Server.handle(Server.java:368) ~[jetty-server-8.1.10.v20130312.jar:8.1.10.v20130312]
! at org.eclipse.jetty.server.AbstractHttpConnection.handleRequest(AbstractHttpConnection.java:489) ~[jetty-server-8.1.10.v20130312.jar:8.1.10.v20130312]
! at org.eclipse.jetty.server.BlockingHttpConnection.handleRequest(BlockingHttpConnection.java:53) ~[jetty-server-8.1.10.v20130312.jar:8.1.10.v20130312]
! at org.eclipse.jetty.server.AbstractHttpConnection.headerComplete(AbstractHttpConnection.java:942) ~[jetty-server-8.1.10.v20130312.jar:8.1.10.v20130312]
! at org.eclipse.jetty.server.AbstractHttpConnection$RequestHandler.headerComplete(AbstractHttpConnection.java:1004) ~[jetty-server-8.1.10.v20130312.jar:8.1.10.v20130312]
! at org.eclipse.jetty.http.HttpParser.parseNext(HttpParser.java:640) ~[jetty-http-8.1.10.v20130312.jar:8.1.10.v20130312]
! at org.eclipse.jetty.http.HttpParser.parseAvailable(HttpParser.java:235) ~[jetty-http-8.1.10.v20130312.jar:8.1.10.v20130312]
! at org.eclipse.jetty.server.BlockingHttpConnection.handle(BlockingHttpConnection.java:72) ~[jetty-server-8.1.10.v20130312.jar:8.1.10.v20130312]
! at org.eclipse.jetty.server.nio.BlockingChannelConnector$BlockingChannelEndPoint.run(BlockingChannelConnector.java:298) ~[jetty-server-8.1.10.v20130312.jar:8.1.10.v20130312]
! at org.eclipse.jetty.util.thread.QueuedThreadPool.runJob(QueuedThreadPool.java:608) ~[jetty-util-8.1.10.v20130312.jar:8.1.10.v20130312]
! at org.eclipse.jetty.util.thread.QueuedThreadPool$3.run(QueuedThreadPool.java:543) ~[jetty-util-8.1.10.v20130312.jar:8.1.10.v20130312]
! at java.lang.Thread.run(Thread.java:724) ~[na:1.8.0-ea]
Caused by: ! freemarker.template.TemplateException: Error reading included file edu/sjsu/cmpe/projectdemo/views/style.css
! at freemarker.core.Include.accept(Include.java:167) ~[freemarker-2.3.19.jar:2.3.19]
! at freemarker.core.Environment.visit(Environment.java:221) ~[freemarker-2.3.19.jar:2.3.19]
! at freemarker.core.MixedContent.accept(MixedContent.java:92) ~[freemarker-2.3.19.jar:2.3.19]
! at freemarker.core.Environment.visit(Environment.java:221) ~[freemarker-2.3.19.jar:2.3.19]
! at freemarker.core.Environment.process(Environment.java:199) ~[freemarker-2.3.19.jar:2.3.19]
! at freemarker.template.Template.process(Template.java:259) ~[freemarker-2.3.19.jar:2.3.19]
! at com.yammer.dropwizard.views.freemarker.FreemarkerViewRenderer.render(FreemarkerViewRenderer.java:56) ~[dropwizard-views-0.6.2.jar:na]
!... 37 common frames omitted
Caused by: ! java.io.FileNotFoundException: Template edu/sjsu/cmpe/projectdemo/views/style.css not found.
! at freemarker.template.Configuration.getTemplate(Configuration.java:580) ~[freemarker-2.3.19.jar:2.3.19]
! at freemarker.core.Environment.getTemplateForInclusion(Environment.java:1490) ~[freemarker-2.3.19.jar:2.3.19]
! at freemarker.core.Include.accept(Include.java:157) ~[freemarker-2.3.19.jar:2.3.19]
!... 43 common frames omitted
ERROR [2013-12-03 17:34:21,450] freemarker.runtime: Template processing error: "Error reading included file edu/sjsu/cmpe/projectdemo/views/style.css"
! freemarker.template.TemplateException: Error reading included file edu/sjsu/cmpe/projectdemo/views/style.css
! at freemarker.core.Include.accept(Include.java:167) ~[freemarker-2.3.19.jar:2.3.19]
! at freemarker.core.Environment.visit(Environment.java:221) ~[freemarker-2.3.19.jar:2.3.19]
! at freemarker.core.MixedContent.accept(MixedContent.java:92) ~[freemarker-2.3.19.jar:2.3.19]
! at freemarker.core.Environment.visit(Environment.java:221) ~[freemarker-2.3.19.jar:2.3.19]
! at freemarker.core.Environment.process(Environment.java:199) ~[freemarker-2.3.19.jar:2.3.19]
! at freemarker.template.Template.process(Template.java:259) ~[freemarker-2.3.19.jar:2.3.19]
! at com.yammer.dropwizard.views.freemarker.FreemarkerViewRenderer.render(FreemarkerViewRenderer.java:56) ~[dropwizard-views-0.6.2.jar:na]
! at com.yammer.dropwizard.views.ViewMessageBodyWriter.writeTo(ViewMessageBodyWriter.java:74) ~[dropwizard-views-0.6.2.jar:na]
! at com.yammer.dropwizard.views.ViewMessageBodyWriter.writeTo(ViewMessageBodyWriter.java:22) ~[dropwizard-views-0.6.2.jar:na]
! at com.sun.jersey.spi.container.ContainerResponse.write(ContainerResponse.java:306) ~[jersey-server-1.17.1.jar:1.17.1]
! at com.sun.jersey.server.impl.application.WebApplicationImpl._handleRequest(WebApplicationImpl.java:1479) ~[jersey-server-1.17.1.jar:1.17.1]
! at com.sun.jersey.server.impl.application.WebApplicationImpl.handleRequest(WebApplicationImpl.java:1391) ~[jersey-server-1.17.1.jar:1.17.1]
! at com.sun.jersey.server.impl.application.WebApplicationImpl.handleRequest(WebApplicationImpl.java:1381) ~[jersey-server-1.17.1.jar:1.17.1]
! at com.sun.jersey.spi.container.servlet.WebComponent.service(WebComponent.java:416) ~[jersey-servlet-1.17.1.jar:1.17.1]
! at com.sun.jersey.spi.container.servlet.ServletContainer.service(ServletContainer.java:538) ~[jersey-servlet-1.17.1.jar:1.17.1]
! at com.sun.jersey.spi.container.servlet.ServletContainer.service(ServletContainer.java:716) ~[jersey-servlet-1.17.1.jar:1.17.1]
! at javax.servlet.http.HttpServlet.service(HttpServlet.java:848) ~[javax.servlet-3.0.0.v201112011016.jar:na]
! at org.eclipse.jetty.servlet.ServletHolder.handle(ServletHolder.java:669) ~[jetty-servlet-8.1.10.v20130312.jar:8.1.10.v20130312]
! at org.eclipse.jetty.servlet.ServletHandler$CachedChain.doFilter(ServletHandler.java:1448) ~[jetty-servlet-8.1.10.v20130312.jar:8.1.10.v20130312]
! at com.yammer.dropwizard.servlets.ThreadNameFilter.doFilter(ThreadNameFilter.java:29) ~[dropwizard-core-0.6.2.jar:na]
! at org.eclipse.jetty.servlet.ServletHandler$CachedChain.doFilter(ServletHandler.java:1419) ~[jetty-servlet-8.1.10.v20130312.jar:8.1.10.v20130312]
! at org.eclipse.jetty.servlet.ServletHandler.doHandle(ServletHandler.java:455) ~[jetty-servlet-8.1.10.v20130312.jar:8.1.10.v20130312]
! at org.eclipse.jetty.server.handler.ContextHandler.doHandle(ContextHandler.java:1075) ~[jetty-server-8.1.10.v20130312.jar:8.1.10.v20130312]
! at org.eclipse.jetty.servlet.ServletHandler.doScope(ServletHandler.java:384) ~[jetty-servlet-8.1.10.v20130312.jar:8.1.10.v20130312]
! at org.eclipse.jetty.server.handler.ContextHandler.doScope(ContextHandler.java:1009) ~[jetty-server-8.1.10.v20130312.jar:8.1.10.v20130312]
! at org.eclipse.jetty.server.handler.ScopedHandler.handle(ScopedHandler.java:135) ~[jetty-server-8.1.10.v20130312.jar:8.1.10.v20130312]
! at org.eclipse.jetty.server.handler.HandlerWrapper.handle(HandlerWrapper.java:116) ~[jetty-server-8.1.10.v20130312.jar:8.1.10.v20130312]
! at com.yammer.metrics.jetty.InstrumentedHandler.handle(InstrumentedHandler.java:200) ~[metrics-jetty-2.2.0.jar:na]
! at org.eclipse.jetty.server.handler.GzipHandler.handle(GzipHandler.java:264) ~[jetty-server-8.1.10.v20130312.jar:8.1.10.v20130312]
! at com.yammer.dropwizard.jetty.BiDiGzipHandler.handle(BiDiGzipHandler.java:123) ~[dropwizard-core-0.6.2.jar:na]
! at org.eclipse.jetty.server.handler.HandlerCollection.handle(HandlerCollection.java:154) ~[jetty-server-8.1.10.v20130312.jar:8.1.10.v20130312]
! at org.eclipse.jetty.server.handler.HandlerWrapper.handle(HandlerWrapper.java:116) ~[jetty-server-8.1.10.v20130312.jar:8.1.10.v20130312]
! at org.eclipse.jetty.server.Server.handle(Server.java:368) ~[jetty-server-8.1.10.v20130312.jar:8.1.10.v20130312]
! at org.eclipse.jetty.server.AbstractHttpConnection.handleRequest(AbstractHttpConnection.java:489) ~[jetty-server-8.1.10.v20130312.jar:8.1.10.v20130312]
! at org.eclipse.jetty.server.BlockingHttpConnection.handleRequest(BlockingHttpConnection.java:53) ~[jetty-server-8.1.10.v20130312.jar:8.1.10.v20130312]
! at org.eclipse.jetty.server.AbstractHttpConnection.headerComplete(AbstractHttpConnection.java:942) ~[jetty-server-8.1.10.v20130312.jar:8.1.10.v20130312]
! at org.eclipse.jetty.server.AbstractHttpConnection$RequestHandler.headerComplete(AbstractHttpConnection.java:1004) ~[jetty-server-8.1.10.v20130312.jar:8.1.10.v20130312]
! at org.eclipse.jetty.http.HttpParser.parseNext(HttpParser.java:640) ~[jetty-http-8.1.10.v20130312.jar:8.1.10.v20130312]
! at org.eclipse.jetty.http.HttpParser.parseAvailable(HttpParser.java:235) ~[jetty-http-8.1.10.v20130312.jar:8.1.10.v20130312]
! at org.eclipse.jetty.server.BlockingHttpConnection.handle(BlockingHttpConnection.java:72) ~[jetty-server-8.1.10.v20130312.jar:8.1.10.v20130312]
! at org.eclipse.jetty.server.nio.BlockingChannelConnector$BlockingChannelEndPoint.run(BlockingChannelConnector.java:298) ~[jetty-server-8.1.10.v20130312.jar:8.1.10.v20130312]
! at org.eclipse.jetty.util.thread.QueuedThreadPool.runJob(QueuedThreadPool.java:608) ~[jetty-util-8.1.10.v20130312.jar:8.1.10.v20130312]
! at org.eclipse.jetty.util.thread.QueuedThreadPool$3.run(QueuedThreadPool.java:543) ~[jetty-util-8.1.10.v20130312.jar:8.1.10.v20130312]
! at java.lang.Thread.run(Thread.java:724) ~[na:1.8.0-ea]
Caused by: ! java.io.FileNotFoundException: Template edu/sjsu/cmpe/projectdemo/views/style.css not found.
! at freemarker.template.Configuration.getTemplate(Configuration.java:580) ~[freemarker-2.3.19.jar:2.3.19]
! at freemarker.core.Environment.getTemplateForInclusion(Environment.java:1490) ~[freemarker-2.3.19.jar:2.3.19]
! at freemarker.core.Include.accept(Include.java:157) ~[freemarker-2.3.19.jar:2.3.19]
!... 43 common frames omitted
WARN  [2013-12-03 17:34:21,458] org.eclipse.jetty.servlet.ServletHandler: 
! javax.servlet.ServletException: com.sun.jersey.api.container.ContainerException: freemarker.template.TemplateException: Error reading included file edu/sjsu/cmpe/projectdemo/views/style.css
! at com.sun.jersey.spi.container.servlet.WebComponent.service(WebComponent.java:423) ~[jersey-servlet-1.17.1.jar:1.17.1]
! at com.sun.jersey.spi.container.servlet.ServletContainer.service(ServletContainer.java:538) ~[jersey-servlet-1.17.1.jar:1.17.1]
! at com.sun.jersey.spi.container.servlet.ServletContainer.service(ServletContainer.java:716) ~[jersey-servlet-1.17.1.jar:1.17.1]
! at javax.servlet.http.HttpServlet.service(HttpServlet.java:848) ~[javax.servlet-3.0.0.v201112011016.jar:na]
! at org.eclipse.jetty.servlet.ServletHolder.handle(ServletHolder.java:669) ~[jetty-servlet-8.1.10.v20130312.jar:8.1.10.v20130312]
! at org.eclipse.jetty.servlet.ServletHandler$CachedChain.doFilter(ServletHandler.java:1448) ~[jetty-servlet-8.1.10.v20130312.jar:8.1.10.v20130312]
! at com.yammer.dropwizard.servlets.ThreadNameFilter.doFilter(ThreadNameFilter.java:29) ~[dropwizard-core-0.6.2.jar:na]
! at org.eclipse.jetty.servlet.ServletHandler$CachedChain.doFilter(ServletHandler.java:1419) ~[jetty-servlet-8.1.10.v20130312.jar:8.1.10.v20130312]
! at org.eclipse.jetty.servlet.ServletHandler.doHandle(ServletHandler.java:455) ~[jetty-servlet-8.1.10.v20130312.jar:8.1.10.v20130312]
! at org.eclipse.jetty.server.handler.ContextHandler.doHandle(ContextHandler.java:1075) ~[jetty-server-8.1.10.v20130312.jar:8.1.10.v20130312]
! at org.eclipse.jetty.servlet.ServletHandler.doScope(ServletHandler.java:384) ~[jetty-servlet-8.1.10.v20130312.jar:8.1.10.v20130312]
! at org.eclipse.jetty.server.handler.ContextHandler.doScope(ContextHandler.java:1009) ~[jetty-server-8.1.10.v20130312.jar:8.1.10.v20130312]
! at org.eclipse.jetty.server.handler.ScopedHandler.handle(ScopedHandler.java:135) ~[jetty-server-8.1.10.v20130312.jar:8.1.10.v20130312]
! at org.eclipse.jetty.server.handler.HandlerWrapper.handle(HandlerWrapper.java:116) ~[jetty-server-8.1.10.v20130312.jar:8.1.10.v20130312]
! at com.yammer.metrics.jetty.InstrumentedHandler.handle(InstrumentedHandler.java:200) ~[metrics-jetty-2.2.0.jar:na]
! at org.eclipse.jetty.server.handler.GzipHandler.handle(GzipHandler.java:264) ~[jetty-server-8.1.10.v20130312.jar:8.1.10.v20130312]
! at com.yammer.dropwizard.jetty.BiDiGzipHandler.handle(BiDiGzipHandler.java:123) ~[dropwizard-core-0.6.2.jar:na]
! at org.eclipse.jetty.server.handler.HandlerCollection.handle(HandlerCollection.java:154) ~[jetty-server-8.1.10.v20130312.jar:8.1.10.v20130312]
! at org.eclipse.jetty.server.handler.HandlerWrapper.handle(HandlerWrapper.java:116) ~[jetty-server-8.1.10.v20130312.jar:8.1.10.v20130312]
! at org.eclipse.jetty.server.Server.handle(Server.java:368) ~[jetty-server-8.1.10.v20130312.jar:8.1.10.v20130312]
! at org.eclipse.jetty.server.AbstractHttpConnection.handleRequest(AbstractHttpConnection.java:489) ~[jetty-server-8.1.10.v20130312.jar:8.1.10.v20130312]
! at org.eclipse.jetty.server.BlockingHttpConnection.handleRequest(BlockingHttpConnection.java:53) ~[jetty-server-8.1.10.v20130312.jar:8.1.10.v20130312]
! at org.eclipse.jetty.server.AbstractHttpConnection.headerComplete(AbstractHttpConnection.java:942) ~[jetty-server-8.1.10.v20130312.jar:8.1.10.v20130312]
! at org.eclipse.jetty.server.AbstractHttpConnection$RequestHandler.headerComplete(AbstractHttpConnection.java:1004) ~[jetty-server-8.1.10.v20130312.jar:8.1.10.v20130312]
! at org.eclipse.jetty.http.HttpParser.parseNext(HttpParser.java:640) ~[jetty-http-8.1.10.v20130312.jar:8.1.10.v20130312]
! at org.eclipse.jetty.http.HttpParser.parseAvailable(HttpParser.java:235) ~[jetty-http-8.1.10.v20130312.jar:8.1.10.v20130312]
! at org.eclipse.jetty.server.BlockingHttpConnection.handle(BlockingHttpConnection.java:72) ~[jetty-server-8.1.10.v20130312.jar:8.1.10.v20130312]
! at org.eclipse.jetty.server.nio.BlockingChannelConnector$BlockingChannelEndPoint.run(BlockingChannelConnector.java:298) ~[jetty-server-8.1.10.v20130312.jar:8.1.10.v20130312]
! at org.eclipse.jetty.util.thread.QueuedThreadPool.runJob(QueuedThreadPool.java:608) ~[jetty-util-8.1.10.v20130312.jar:8.1.10.v20130312]
! at org.eclipse.jetty.util.thread.QueuedThreadPool$3.run(QueuedThreadPool.java:543) ~[jetty-util-8.1.10.v20130312.jar:8.1.10.v20130312]
! at java.lang.Thread.run(Thread.java:724) ~[na:1.8.0-ea]
Caused by: ! com.sun.jersey.api.container.ContainerException: freemarker.template.TemplateException: Error reading included file edu/sjsu/cmpe/projectdemo/views/style.css
! at com.yammer.dropwizard.views.freemarker.FreemarkerViewRenderer.render(FreemarkerViewRenderer.java:58) ~[dropwizard-views-0.6.2.jar:na]
! at com.yammer.dropwizard.views.ViewMessageBodyWriter.writeTo(ViewMessageBodyWriter.java:74) ~[dropwizard-views-0.6.2.jar:na]
! at com.yammer.dropwizard.views.ViewMessageBodyWriter.writeTo(ViewMessageBodyWriter.java:22) ~[dropwizard-views-0.6.2.jar:na]
! at com.sun.jersey.spi.container.ContainerResponse.write(ContainerResponse.java:306) ~[jersey-server-1.17.1.jar:1.17.1]
! at com.sun.jersey.server.impl.application.WebApplicationImpl._handleRequest(WebApplicationImpl.java:1479) ~[jersey-server-1.17.1.jar:1.17.1]
! at com.sun.jersey.server.impl.application.WebApplicationImpl.handleRequest(WebApplicationImpl.java:1391) ~[jersey-server-1.17.1.jar:1.17.1]
! at com.sun.jersey.server.impl.application.WebApplicationImpl.handleRequest(WebApplicationImpl.java:1381) ~[jersey-server-1.17.1.jar:1.17.1]
! at com.sun.jersey.spi.container.servlet.WebComponent.service(WebComponent.java:416) ~[jersey-servlet-1.17.1.jar:1.17.1]
!... 30 common frames omitted
Caused by: ! freemarker.template.TemplateException: Error reading included file edu/sjsu/cmpe/projectdemo/views/style.css
! at freemarker.core.Include.accept(Include.java:167) ~[freemarker-2.3.19.jar:2.3.19]
! at freemarker.core.Environment.visit(Environment.java:221) ~[freemarker-2.3.19.jar:2.3.19]
! at freemarker.core.MixedContent.accept(MixedContent.java:92) ~[freemarker-2.3.19.jar:2.3.19]
! at freemarker.core.Environment.visit(Environment.java:221) ~[freemarker-2.3.19.jar:2.3.19]
! at freemarker.core.Environment.process(Environment.java:199) ~[freemarker-2.3.19.jar:2.3.19]
! at freemarker.template.Template.process(Template.java:259) ~[freemarker-2.3.19.jar:2.3.19]
! at com.yammer.dropwizard.views.freemarker.FreemarkerViewRenderer.render(FreemarkerViewRenderer.java:56) ~[dropwizard-views-0.6.2.jar:na]
!... 37 common frames omitted
Caused by: ! java.io.FileNotFoundException: Template edu/sjsu/cmpe/projectdemo/views/style.css not found.
! at freemarker.template.Configuration.getTemplate(Configuration.java:580) ~[freemarker-2.3.19.jar:2.3.19]
! at freemarker.core.Environment.getTemplateForInclusion(Environment.java:1490) ~[freemarker-2.3.19.jar:2.3.19]
! at freemarker.core.Include.accept(Include.java:157) ~[freemarker-2.3.19.jar:2.3.19]
!... 43 common frames omitted
WARN  [2013-12-03 17:34:21,464] org.eclipse.jetty.servlet.ServletHandler: /portal/login/donor/home
! com.sun.jersey.api.container.ContainerException: freemarker.template.TemplateException: Error reading included file edu/sjsu/cmpe/projectdemo/views/style.css
! at com.yammer.dropwizard.views.freemarker.FreemarkerViewRenderer.render(FreemarkerViewRenderer.java:58) ~[dropwizard-views-0.6.2.jar:na]
! at com.yammer.dropwizard.views.ViewMessageBodyWriter.writeTo(ViewMessageBodyWriter.java:74) ~[dropwizard-views-0.6.2.jar:na]
! at com.yammer.dropwizard.views.ViewMessageBodyWriter.writeTo(ViewMessageBodyWriter.java:22) ~[dropwizard-views-0.6.2.jar:na]
! at com.sun.jersey.spi.container.ContainerResponse.write(ContainerResponse.java:306) ~[jersey-server-1.17.1.jar:1.17.1]
! at com.sun.jersey.server.impl.application.WebApplicationImpl._handleRequest(WebApplicationImpl.java:1479) ~[jersey-server-1.17.1.jar:1.17.1]
! at com.sun.jersey.server.impl.application.WebApplicationImpl.handleRequest(WebApplicationImpl.java:1391) ~[jersey-server-1.17.1.jar:1.17.1]
! at com.sun.jersey.server.impl.application.WebApplicationImpl.handleRequest(WebApplicationImpl.java:1381) ~[jersey-server-1.17.1.jar:1.17.1]
! at com.sun.jersey.spi.container.servlet.WebComponent.service(WebComponent.java:416) ~[jersey-servlet-1.17.1.jar:1.17.1]
! at com.sun.jersey.spi.container.servlet.ServletContainer.service(ServletContainer.java:538) ~[jersey-servlet-1.17.1.jar:1.17.1]
! at com.sun.jersey.spi.container.servlet.ServletContainer.service(ServletContainer.java:716) ~[jersey-servlet-1.17.1.jar:1.17.1]
! at javax.servlet.http.HttpServlet.service(HttpServlet.java:848) ~[javax.servlet-3.0.0.v201112011016.jar:na]
! at org.eclipse.jetty.servlet.ServletHolder.handle(ServletHolder.java:669) ~[jetty-servlet-8.1.10.v20130312.jar:8.1.10.v20130312]
! at org.eclipse.jetty.servlet.ServletHandler$CachedChain.doFilter(ServletHandler.java:1448) ~[jetty-servlet-8.1.10.v20130312.jar:8.1.10.v20130312]
! at com.yammer.dropwizard.servlets.ThreadNameFilter.doFilter(ThreadNameFilter.java:29) ~[dropwizard-core-0.6.2.jar:na]
! at org.eclipse.jetty.servlet.ServletHandler$CachedChain.doFilter(ServletHandler.java:1419) ~[jetty-servlet-8.1.10.v20130312.jar:8.1.10.v20130312]
! at org.eclipse.jetty.servlet.ServletHandler.doHandle(ServletHandler.java:455) ~[jetty-servlet-8.1.10.v20130312.jar:8.1.10.v20130312]
! at org.eclipse.jetty.server.handler.ContextHandler.doHandle(ContextHandler.java:1075) ~[jetty-server-8.1.10.v20130312.jar:8.1.10.v20130312]
! at org.eclipse.jetty.servlet.ServletHandler.doScope(ServletHandler.java:384) ~[jetty-servlet-8.1.10.v20130312.jar:8.1.10.v20130312]
! at org.eclipse.jetty.server.handler.ContextHandler.doScope(ContextHandler.java:1009) ~[jetty-server-8.1.10.v20130312.jar:8.1.10.v20130312]
! at org.eclipse.jetty.server.handler.ScopedHandler.handle(ScopedHandler.java:135) ~[jetty-server-8.1.10.v20130312.jar:8.1.10.v20130312]
! at org.eclipse.jetty.server.handler.HandlerWrapper.handle(HandlerWrapper.java:116) ~[jetty-server-8.1.10.v20130312.jar:8.1.10.v20130312]
! at com.yammer.metrics.jetty.InstrumentedHandler.handle(InstrumentedHandler.java:200) ~[metrics-jetty-2.2.0.jar:na]
! at org.eclipse.jetty.server.handler.GzipHandler.handle(GzipHandler.java:264) ~[jetty-server-8.1.10.v20130312.jar:8.1.10.v20130312]
! at com.yammer.dropwizard.jetty.BiDiGzipHandler.handle(BiDiGzipHandler.java:123) ~[dropwizard-core-0.6.2.jar:na]
! at org.eclipse.jetty.server.handler.HandlerCollection.handle(HandlerCollection.java:154) ~[jetty-server-8.1.10.v20130312.jar:8.1.10.v20130312]
! at org.eclipse.jetty.server.handler.HandlerWrapper.handle(HandlerWrapper.java:116) ~[jetty-server-8.1.10.v20130312.jar:8.1.10.v20130312]
! at org.eclipse.jetty.server.Server.handle(Server.java:368) ~[jetty-server-8.1.10.v20130312.jar:8.1.10.v20130312]
! at org.eclipse.jetty.server.AbstractHttpConnection.handleRequest(AbstractHttpConnection.java:489) ~[jetty-server-8.1.10.v20130312.jar:8.1.10.v20130312]
! at org.eclipse.jetty.server.BlockingHttpConnection.handleRequest(BlockingHttpConnection.java:53) ~[jetty-server-8.1.10.v20130312.jar:8.1.10.v20130312]
! at org.eclipse.jetty.server.AbstractHttpConnection.headerComplete(AbstractHttpConnection.java:942) ~[jetty-server-8.1.10.v20130312.jar:8.1.10.v20130312]
! at org.eclipse.jetty.server.AbstractHttpConnection$RequestHandler.headerComplete(AbstractHttpConnection.java:1004) ~[jetty-server-8.1.10.v20130312.jar:8.1.10.v20130312]
! at org.eclipse.jetty.http.HttpParser.parseNext(HttpParser.java:640) ~[jetty-http-8.1.10.v20130312.jar:8.1.10.v20130312]
! at org.eclipse.jetty.http.HttpParser.parseAvailable(HttpParser.java:235) ~[jetty-http-8.1.10.v20130312.jar:8.1.10.v20130312]
! at org.eclipse.jetty.server.BlockingHttpConnection.handle(BlockingHttpConnection.java:72) ~[jetty-server-8.1.10.v20130312.jar:8.1.10.v20130312]
! at org.eclipse.jetty.server.nio.BlockingChannelConnector$BlockingChannelEndPoint.run(BlockingChannelConnector.java:298) ~[jetty-server-8.1.10.v20130312.jar:8.1.10.v20130312]
! at org.eclipse.jetty.util.thread.QueuedThreadPool.runJob(QueuedThreadPool.java:608) ~[jetty-util-8.1.10.v20130312.jar:8.1.10.v20130312]
! at org.eclipse.jetty.util.thread.QueuedThreadPool$3.run(QueuedThreadPool.java:543) ~[jetty-util-8.1.10.v20130312.jar:8.1.10.v20130312]
! at java.lang.Thread.run(Thread.java:724) ~[na:1.8.0-ea]
Caused by: ! freemarker.template.TemplateException: Error reading included file edu/sjsu/cmpe/projectdemo/views/style.css
! at freemarker.core.Include.accept(Include.java:167) ~[freemarker-2.3.19.jar:2.3.19]
! at freemarker.core.Environment.visit(Environment.java:221) ~[freemarker-2.3.19.jar:2.3.19]
! at freemarker.core.MixedContent.accept(MixedContent.java:92) ~[freemarker-2.3.19.jar:2.3.19]
! at freemarker.core.Environment.visit(Environment.java:221) ~[freemarker-2.3.19.jar:2.3.19]
! at freemarker.core.Environment.process(Environment.java:199) ~[freemarker-2.3.19.jar:2.3.19]
! at freemarker.template.Template.process(Template.java:259) ~[freemarker-2.3.19.jar:2.3.19]
! at com.yammer.dropwizard.views.freemarker.FreemarkerViewRenderer.render(FreemarkerViewRenderer.java:56) ~[dropwizard-views-0.6.2.jar:na]
!... 37 common frames omitted
Caused by: ! java.io.FileNotFoundException: Template edu/sjsu/cmpe/projectdemo/views/style.css not found.
! at freemarker.template.Configuration.getTemplate(Configuration.java:580) ~[freemarker-2.3.19.jar:2.3.19]
! at freemarker.core.Environment.getTemplateForInclusion(Environment.java:1490) ~[freemarker-2.3.19.jar:2.3.19]
! at freemarker.core.Include.accept(Include.java:157) ~[freemarker-2.3.19.jar:2.3.19]
!... 43 common frames omitted
ERROR [2013-12-03 17:44:07,521] freemarker.runtime: Template processing error: "Error reading included file edu/sjsu/cmpe/projectdemo/views/style.css"
! freemarker.template.TemplateException: Error reading included file edu/sjsu/cmpe/projectdemo/views/style.css
! at freemarker.core.Include.accept(Include.java:167) ~[freemarker-2.3.19.jar:2.3.19]
! at freemarker.core.Environment.visit(Environment.java:221) ~[freemarker-2.3.19.jar:2.3.19]
! at freemarker.core.MixedContent.accept(MixedContent.java:92) ~[freemarker-2.3.19.jar:2.3.19]
! at freemarker.core.Environment.visit(Environment.java:221) ~[freemarker-2.3.19.jar:2.3.19]
! at freemarker.core.Environment.process(Environment.java:199) ~[freemarker-2.3.19.jar:2.3.19]
! at freemarker.template.Template.process(Template.java:259) ~[freemarker-2.3.19.jar:2.3.19]
! at com.yammer.dropwizard.views.freemarker.FreemarkerViewRenderer.render(FreemarkerViewRenderer.java:56) ~[dropwizard-views-0.6.2.jar:na]
! at com.yammer.dropwizard.views.ViewMessageBodyWriter.writeTo(ViewMessageBodyWriter.java:74) ~[dropwizard-views-0.6.2.jar:na]
! at com.yammer.dropwizard.views.ViewMessageBodyWriter.writeTo(ViewMessageBodyWriter.java:22) ~[dropwizard-views-0.6.2.jar:na]
! at com.sun.jersey.spi.container.ContainerResponse.write(ContainerResponse.java:306) ~[jersey-server-1.17.1.jar:1.17.1]
! at com.sun.jersey.server.impl.application.WebApplicationImpl._handleRequest(WebApplicationImpl.java:1479) ~[jersey-server-1.17.1.jar:1.17.1]
! at com.sun.jersey.server.impl.application.WebApplicationImpl.handleRequest(WebApplicationImpl.java:1391) ~[jersey-server-1.17.1.jar:1.17.1]
! at com.sun.jersey.server.impl.application.WebApplicationImpl.handleRequest(WebApplicationImpl.java:1381) ~[jersey-server-1.17.1.jar:1.17.1]
! at com.sun.jersey.spi.container.servlet.WebComponent.service(WebComponent.java:416) ~[jersey-servlet-1.17.1.jar:1.17.1]
! at com.sun.jersey.spi.container.servlet.ServletContainer.service(ServletContainer.java:538) ~[jersey-servlet-1.17.1.jar:1.17.1]
! at com.sun.jersey.spi.container.servlet.ServletContainer.service(ServletContainer.java:716) ~[jersey-servlet-1.17.1.jar:1.17.1]
! at javax.servlet.http.HttpServlet.service(HttpServlet.java:848) ~[javax.servlet-3.0.0.v201112011016.jar:na]
! at org.eclipse.jetty.servlet.ServletHolder.handle(ServletHolder.java:669) ~[jetty-servlet-8.1.10.v20130312.jar:8.1.10.v20130312]
! at org.eclipse.jetty.servlet.ServletHandler$CachedChain.doFilter(ServletHandler.java:1448) ~[jetty-servlet-8.1.10.v20130312.jar:8.1.10.v20130312]
! at com.yammer.dropwizard.servlets.ThreadNameFilter.doFilter(ThreadNameFilter.java:29) ~[dropwizard-core-0.6.2.jar:na]
! at org.eclipse.jetty.servlet.ServletHandler$CachedChain.doFilter(ServletHandler.java:1419) ~[jetty-servlet-8.1.10.v20130312.jar:8.1.10.v20130312]
! at org.eclipse.jetty.servlet.ServletHandler.doHandle(ServletHandler.java:455) ~[jetty-servlet-8.1.10.v20130312.jar:8.1.10.v20130312]
! at org.eclipse.jetty.server.handler.ContextHandler.doHandle(ContextHandler.java:1075) ~[jetty-server-8.1.10.v20130312.jar:8.1.10.v20130312]
! at org.eclipse.jetty.servlet.ServletHandler.doScope(ServletHandler.java:384) ~[jetty-servlet-8.1.10.v20130312.jar:8.1.10.v20130312]
! at org.eclipse.jetty.server.handler.ContextHandler.doScope(ContextHandler.java:1009) ~[jetty-server-8.1.10.v20130312.jar:8.1.10.v20130312]
! at org.eclipse.jetty.server.handler.ScopedHandler.handle(ScopedHandler.java:135) ~[jetty-server-8.1.10.v20130312.jar:8.1.10.v20130312]
! at org.eclipse.jetty.server.handler.HandlerWrapper.handle(HandlerWrapper.java:116) ~[jetty-server-8.1.10.v20130312.jar:8.1.10.v20130312]
! at com.yammer.metrics.jetty.InstrumentedHandler.handle(InstrumentedHandler.java:200) ~[metrics-jetty-2.2.0.jar:na]
! at org.eclipse.jetty.server.handler.GzipHandler.handle(GzipHandler.java:264) ~[jetty-server-8.1.10.v20130312.jar:8.1.10.v20130312]
! at com.yammer.dropwizard.jetty.BiDiGzipHandler.handle(BiDiGzipHandler.java:123) ~[dropwizard-core-0.6.2.jar:na]
! at org.eclipse.jetty.server.handler.HandlerCollection.handle(HandlerCollection.java:154) ~[jetty-server-8.1.10.v20130312.jar:8.1.10.v20130312]
! at org.eclipse.jetty.server.handler.HandlerWrapper.handle(HandlerWrapper.java:116) ~[jetty-server-8.1.10.v20130312.jar:8.1.10.v20130312]
! at org.eclipse.jetty.server.Server.handle(Server.java:368) ~[jetty-server-8.1.10.v20130312.jar:8.1.10.v20130312]
! at org.eclipse.jetty.server.AbstractHttpConnection.handleRequest(AbstractHttpConnection.java:489) ~[jetty-server-8.1.10.v20130312.jar:8.1.10.v20130312]
! at org.eclipse.jetty.server.BlockingHttpConnection.handleRequest(BlockingHttpConnection.java:53) ~[jetty-server-8.1.10.v20130312.jar:8.1.10.v20130312]
! at org.eclipse.jetty.server.AbstractHttpConnection.headerComplete(AbstractHttpConnection.java:942) ~[jetty-server-8.1.10.v20130312.jar:8.1.10.v20130312]
! at org.eclipse.jetty.server.AbstractHttpConnection$RequestHandler.headerComplete(AbstractHttpConnection.java:1004) ~[jetty-server-8.1.10.v20130312.jar:8.1.10.v20130312]
! at org.eclipse.jetty.http.HttpParser.parseNext(HttpParser.java:640) ~[jetty-http-8.1.10.v20130312.jar:8.1.10.v20130312]
! at org.eclipse.jetty.http.HttpParser.parseAvailable(HttpParser.java:235) ~[jetty-http-8.1.10.v20130312.jar:8.1.10.v20130312]
! at org.eclipse.jetty.server.BlockingHttpConnection.handle(BlockingHttpConnection.java:72) ~[jetty-server-8.1.10.v20130312.jar:8.1.10.v20130312]
! at org.eclipse.jetty.server.nio.BlockingChannelConnector$BlockingChannelEndPoint.run(BlockingChannelConnector.java:298) ~[jetty-server-8.1.10.v20130312.jar:8.1.10.v20130312]
! at org.eclipse.jetty.util.thread.QueuedThreadPool.runJob(QueuedThreadPool.java:608) ~[jetty-util-8.1.10.v20130312.jar:8.1.10.v20130312]
! at org.eclipse.jetty.util.thread.QueuedThreadPool$3.run(QueuedThreadPool.java:543) ~[jetty-util-8.1.10.v20130312.jar:8.1.10.v20130312]
! at java.lang.Thread.run(Thread.java:724) ~[na:1.8.0-ea]
Caused by: ! java.io.FileNotFoundException: Template edu/sjsu/cmpe/projectdemo/views/style.css not found.
! at freemarker.template.Configuration.getTemplate(Configuration.java:580) ~[freemarker-2.3.19.jar:2.3.19]
! at freemarker.core.Environment.getTemplateForInclusion(Environment.java:1490) ~[freemarker-2.3.19.jar:2.3.19]
! at freemarker.core.Include.accept(Include.java:157) ~[freemarker-2.3.19.jar:2.3.19]
!... 43 common frames omitted
WARN  [2013-12-03 17:44:07,524] org.eclipse.jetty.servlet.ServletHandler: 
! javax.servlet.ServletException: com.sun.jersey.api.container.ContainerException: freemarker.template.TemplateException: Error reading included file edu/sjsu/cmpe/projectdemo/views/style.css
! at com.sun.jersey.spi.container.servlet.WebComponent.service(WebComponent.java:423) ~[jersey-servlet-1.17.1.jar:1.17.1]
! at com.sun.jersey.spi.container.servlet.ServletContainer.service(ServletContainer.java:538) ~[jersey-servlet-1.17.1.jar:1.17.1]
! at com.sun.jersey.spi.container.servlet.ServletContainer.service(ServletContainer.java:716) ~[jersey-servlet-1.17.1.jar:1.17.1]
! at javax.servlet.http.HttpServlet.service(HttpServlet.java:848) ~[javax.servlet-3.0.0.v201112011016.jar:na]
! at org.eclipse.jetty.servlet.ServletHolder.handle(ServletHolder.java:669) ~[jetty-servlet-8.1.10.v20130312.jar:8.1.10.v20130312]
! at org.eclipse.jetty.servlet.ServletHandler$CachedChain.doFilter(ServletHandler.java:1448) ~[jetty-servlet-8.1.10.v20130312.jar:8.1.10.v20130312]
! at com.yammer.dropwizard.servlets.ThreadNameFilter.doFilter(ThreadNameFilter.java:29) ~[dropwizard-core-0.6.2.jar:na]
! at org.eclipse.jetty.servlet.ServletHandler$CachedChain.doFilter(ServletHandler.java:1419) ~[jetty-servlet-8.1.10.v20130312.jar:8.1.10.v20130312]
! at org.eclipse.jetty.servlet.ServletHandler.doHandle(ServletHandler.java:455) ~[jetty-servlet-8.1.10.v20130312.jar:8.1.10.v20130312]
! at org.eclipse.jetty.server.handler.ContextHandler.doHandle(ContextHandler.java:1075) ~[jetty-server-8.1.10.v20130312.jar:8.1.10.v20130312]
! at org.eclipse.jetty.servlet.ServletHandler.doScope(ServletHandler.java:384) ~[jetty-servlet-8.1.10.v20130312.jar:8.1.10.v20130312]
! at org.eclipse.jetty.server.handler.ContextHandler.doScope(ContextHandler.java:1009) ~[jetty-server-8.1.10.v20130312.jar:8.1.10.v20130312]
! at org.eclipse.jetty.server.handler.ScopedHandler.handle(ScopedHandler.java:135) ~[jetty-server-8.1.10.v20130312.jar:8.1.10.v20130312]
! at org.eclipse.jetty.server.handler.HandlerWrapper.handle(HandlerWrapper.java:116) ~[jetty-server-8.1.10.v20130312.jar:8.1.10.v20130312]
! at com.yammer.metrics.jetty.InstrumentedHandler.handle(InstrumentedHandler.java:200) ~[metrics-jetty-2.2.0.jar:na]
! at org.eclipse.jetty.server.handler.GzipHandler.handle(GzipHandler.java:264) ~[jetty-server-8.1.10.v20130312.jar:8.1.10.v20130312]
! at com.yammer.dropwizard.jetty.BiDiGzipHandler.handle(BiDiGzipHandler.java:123) ~[dropwizard-core-0.6.2.jar:na]
! at org.eclipse.jetty.server.handler.HandlerCollection.handle(HandlerCollection.java:154) ~[jetty-server-8.1.10.v20130312.jar:8.1.10.v20130312]
! at org.eclipse.jetty.server.handler.HandlerWrapper.handle(HandlerWrapper.java:116) ~[jetty-server-8.1.10.v20130312.jar:8.1.10.v20130312]
! at org.eclipse.jetty.server.Server.handle(Server.java:368) ~[jetty-server-8.1.10.v20130312.jar:8.1.10.v20130312]
! at org.eclipse.jetty.server.AbstractHttpConnection.handleRequest(AbstractHttpConnection.java:489) ~[jetty-server-8.1.10.v20130312.jar:8.1.10.v20130312]
! at org.eclipse.jetty.server.BlockingHttpConnection.handleRequest(BlockingHttpConnection.java:53) ~[jetty-server-8.1.10.v20130312.jar:8.1.10.v20130312]
! at org.eclipse.jetty.server.AbstractHttpConnection.headerComplete(AbstractHttpConnection.java:942) ~[jetty-server-8.1.10.v20130312.jar:8.1.10.v20130312]
! at org.eclipse.jetty.server.AbstractHttpConnection$RequestHandler.headerComplete(AbstractHttpConnection.java:1004) ~[jetty-server-8.1.10.v20130312.jar:8.1.10.v20130312]
! at org.eclipse.jetty.http.HttpParser.parseNext(HttpParser.java:640) ~[jetty-http-8.1.10.v20130312.jar:8.1.10.v20130312]
! at org.eclipse.jetty.http.HttpParser.parseAvailable(HttpParser.java:235) ~[jetty-http-8.1.10.v20130312.jar:8.1.10.v20130312]
! at org.eclipse.jetty.server.BlockingHttpConnection.handle(BlockingHttpConnection.java:72) ~[jetty-server-8.1.10.v20130312.jar:8.1.10.v20130312]
! at org.eclipse.jetty.server.nio.BlockingChannelConnector$BlockingChannelEndPoint.run(BlockingChannelConnector.java:298) ~[jetty-server-8.1.10.v20130312.jar:8.1.10.v20130312]
! at org.eclipse.jetty.util.thread.QueuedThreadPool.runJob(QueuedThreadPool.java:608) ~[jetty-util-8.1.10.v20130312.jar:8.1.10.v20130312]
! at org.eclipse.jetty.util.thread.QueuedThreadPool$3.run(QueuedThreadPool.java:543) ~[jetty-util-8.1.10.v20130312.jar:8.1.10.v20130312]
! at java.lang.Thread.run(Thread.java:724) ~[na:1.8.0-ea]
Caused by: ! com.sun.jersey.api.container.ContainerException: freemarker.template.TemplateException: Error reading included file edu/sjsu/cmpe/projectdemo/views/style.css
! at com.yammer.dropwizard.views.freemarker.FreemarkerViewRenderer.render(FreemarkerViewRenderer.java:58) ~[dropwizard-views-0.6.2.jar:na]
! at com.yammer.dropwizard.views.ViewMessageBodyWriter.writeTo(ViewMessageBodyWriter.java:74) ~[dropwizard-views-0.6.2.jar:na]
! at com.yammer.dropwizard.views.ViewMessageBodyWriter.writeTo(ViewMessageBodyWriter.java:22) ~[dropwizard-views-0.6.2.jar:na]
! at com.sun.jersey.spi.container.ContainerResponse.write(ContainerResponse.java:306) ~[jersey-server-1.17.1.jar:1.17.1]
! at com.sun.jersey.server.impl.application.WebApplicationImpl._handleRequest(WebApplicationImpl.java:1479) ~[jersey-server-1.17.1.jar:1.17.1]
! at com.sun.jersey.server.impl.application.WebApplicationImpl.handleRequest(WebApplicationImpl.java:1391) ~[jersey-server-1.17.1.jar:1.17.1]
! at com.sun.jersey.server.impl.application.WebApplicationImpl.handleRequest(WebApplicationImpl.java:1381) ~[jersey-server-1.17.1.jar:1.17.1]
! at com.sun.jersey.spi.container.servlet.WebComponent.service(WebComponent.java:416) ~[jersey-servlet-1.17.1.jar:1.17.1]
!... 30 common frames omitted
Caused by: ! freemarker.template.TemplateException: Error reading included file edu/sjsu/cmpe/projectdemo/views/style.css
! at freemarker.core.Include.accept(Include.java:167) ~[freemarker-2.3.19.jar:2.3.19]
! at freemarker.core.Environment.visit(Environment.java:221) ~[freemarker-2.3.19.jar:2.3.19]
! at freemarker.core.MixedContent.accept(MixedContent.java:92) ~[freemarker-2.3.19.jar:2.3.19]
! at freemarker.core.Environment.visit(Environment.java:221) ~[freemarker-2.3.19.jar:2.3.19]
! at freemarker.core.Environment.process(Environment.java:199) ~[freemarker-2.3.19.jar:2.3.19]
! at freemarker.template.Template.process(Template.java:259) ~[freemarker-2.3.19.jar:2.3.19]
! at com.yammer.dropwizard.views.freemarker.FreemarkerViewRenderer.render(FreemarkerViewRenderer.java:56) ~[dropwizard-views-0.6.2.jar:na]
!... 37 common frames omitted
Caused by: ! java.io.FileNotFoundException: Template edu/sjsu/cmpe/projectdemo/views/style.css not found.
! at freemarker.template.Configuration.getTemplate(Configuration.java:580) ~[freemarker-2.3.19.jar:2.3.19]
! at freemarker.core.Environment.getTemplateForInclusion(Environment.java:1490) ~[freemarker-2.3.19.jar:2.3.19]
! at freemarker.core.Include.accept(Include.java:157) ~[freemarker-2.3.19.jar:2.3.19]
!... 43 common frames omitted
WARN  [2013-12-03 17:44:07,525] org.eclipse.jetty.servlet.ServletHandler: /portal/login/donor/home
! com.sun.jersey.api.container.ContainerException: freemarker.template.TemplateException: Error reading included file edu/sjsu/cmpe/projectdemo/views/style.css
! at com.yammer.dropwizard.views.freemarker.FreemarkerViewRenderer.render(FreemarkerViewRenderer.java:58) ~[dropwizard-views-0.6.2.jar:na]
! at com.yammer.dropwizard.views.ViewMessageBodyWriter.writeTo(ViewMessageBodyWriter.java:74) ~[dropwizard-views-0.6.2.jar:na]
! at com.yammer.dropwizard.views.ViewMessageBodyWriter.writeTo(ViewMessageBodyWriter.java:22) ~[dropwizard-views-0.6.2.jar:na]
! at com.sun.jersey.spi.container.ContainerResponse.write(ContainerResponse.java:306) ~[jersey-server-1.17.1.jar:1.17.1]
! at com.sun.jersey.server.impl.application.WebApplicationImpl._handleRequest(WebApplicationImpl.java:1479) ~[jersey-server-1.17.1.jar:1.17.1]
! at com.sun.jersey.server.impl.application.WebApplicationImpl.handleRequest(WebApplicationImpl.java:1391) ~[jersey-server-1.17.1.jar:1.17.1]
! at com.sun.jersey.server.impl.application.WebApplicationImpl.handleRequest(WebApplicationImpl.java:1381) ~[jersey-server-1.17.1.jar:1.17.1]
! at com.sun.jersey.spi.container.servlet.WebComponent.service(WebComponent.java:416) ~[jersey-servlet-1.17.1.jar:1.17.1]
! at com.sun.jersey.spi.container.servlet.ServletContainer.service(ServletContainer.java:538) ~[jersey-servlet-1.17.1.jar:1.17.1]
! at com.sun.jersey.spi.container.servlet.ServletContainer.service(ServletContainer.java:716) ~[jersey-servlet-1.17.1.jar:1.17.1]
! at javax.servlet.http.HttpServlet.service(HttpServlet.java:848) ~[javax.servlet-3.0.0.v201112011016.jar:na]
! at org.eclipse.jetty.servlet.ServletHolder.handle(ServletHolder.java:669) ~[jetty-servlet-8.1.10.v20130312.jar:8.1.10.v20130312]
! at org.eclipse.jetty.servlet.ServletHandler$CachedChain.doFilter(ServletHandler.java:1448) ~[jetty-servlet-8.1.10.v20130312.jar:8.1.10.v20130312]
! at com.yammer.dropwizard.servlets.ThreadNameFilter.doFilter(ThreadNameFilter.java:29) ~[dropwizard-core-0.6.2.jar:na]
! at org.eclipse.jetty.servlet.ServletHandler$CachedChain.doFilter(ServletHandler.java:1419) ~[jetty-servlet-8.1.10.v20130312.jar:8.1.10.v20130312]
! at org.eclipse.jetty.servlet.ServletHandler.doHandle(ServletHandler.java:455) ~[jetty-servlet-8.1.10.v20130312.jar:8.1.10.v20130312]
! at org.eclipse.jetty.server.handler.ContextHandler.doHandle(ContextHandler.java:1075) ~[jetty-server-8.1.10.v20130312.jar:8.1.10.v20130312]
! at org.eclipse.jetty.servlet.ServletHandler.doScope(ServletHandler.java:384) ~[jetty-servlet-8.1.10.v20130312.jar:8.1.10.v20130312]
! at org.eclipse.jetty.server.handler.ContextHandler.doScope(ContextHandler.java:1009) ~[jetty-server-8.1.10.v20130312.jar:8.1.10.v20130312]
! at org.eclipse.jetty.server.handler.ScopedHandler.handle(ScopedHandler.java:135) ~[jetty-server-8.1.10.v20130312.jar:8.1.10.v20130312]
! at org.eclipse.jetty.server.handler.HandlerWrapper.handle(HandlerWrapper.java:116) ~[jetty-server-8.1.10.v20130312.jar:8.1.10.v20130312]
! at com.yammer.metrics.jetty.InstrumentedHandler.handle(InstrumentedHandler.java:200) ~[metrics-jetty-2.2.0.jar:na]
! at org.eclipse.jetty.server.handler.GzipHandler.handle(GzipHandler.java:264) ~[jetty-server-8.1.10.v20130312.jar:8.1.10.v20130312]
! at com.yammer.dropwizard.jetty.BiDiGzipHandler.handle(BiDiGzipHandler.java:123) ~[dropwizard-core-0.6.2.jar:na]
! at org.eclipse.jetty.server.handler.HandlerCollection.handle(HandlerCollection.java:154) ~[jetty-server-8.1.10.v20130312.jar:8.1.10.v20130312]
! at org.eclipse.jetty.server.handler.HandlerWrapper.handle(HandlerWrapper.java:116) ~[jetty-server-8.1.10.v20130312.jar:8.1.10.v20130312]
! at org.eclipse.jetty.server.Server.handle(Server.java:368) ~[jetty-server-8.1.10.v20130312.jar:8.1.10.v20130312]
! at org.eclipse.jetty.server.AbstractHttpConnection.handleRequest(AbstractHttpConnection.java:489) ~[jetty-server-8.1.10.v20130312.jar:8.1.10.v20130312]
! at org.eclipse.jetty.server.BlockingHttpConnection.handleRequest(BlockingHttpConnection.java:53) ~[jetty-server-8.1.10.v20130312.jar:8.1.10.v20130312]
! at org.eclipse.jetty.server.AbstractHttpConnection.headerComplete(AbstractHttpConnection.java:942) ~[jetty-server-8.1.10.v20130312.jar:8.1.10.v20130312]
! at org.eclipse.jetty.server.AbstractHttpConnection$RequestHandler.headerComplete(AbstractHttpConnection.java:1004) ~[jetty-server-8.1.10.v20130312.jar:8.1.10.v20130312]
! at org.eclipse.jetty.http.HttpParser.parseNext(HttpParser.java:640) ~[jetty-http-8.1.10.v20130312.jar:8.1.10.v20130312]
! at org.eclipse.jetty.http.HttpParser.parseAvailable(HttpParser.java:235) ~[jetty-http-8.1.10.v20130312.jar:8.1.10.v20130312]
! at org.eclipse.jetty.server.BlockingHttpConnection.handle(BlockingHttpConnection.java:72) ~[jetty-server-8.1.10.v20130312.jar:8.1.10.v20130312]
! at org.eclipse.jetty.server.nio.BlockingChannelConnector$BlockingChannelEndPoint.run(BlockingChannelConnector.java:298) ~[jetty-server-8.1.10.v20130312.jar:8.1.10.v20130312]
! at org.eclipse.jetty.util.thread.QueuedThreadPool.runJob(QueuedThreadPool.java:608) ~[jetty-util-8.1.10.v20130312.jar:8.1.10.v20130312]
! at org.eclipse.jetty.util.thread.QueuedThreadPool$3.run(QueuedThreadPool.java:543) ~[jetty-util-8.1.10.v20130312.jar:8.1.10.v20130312]
! at java.lang.Thread.run(Thread.java:724) ~[na:1.8.0-ea]
Caused by: ! freemarker.template.TemplateException: Error reading included file edu/sjsu/cmpe/projectdemo/views/style.css
! at freemarker.core.Include.accept(Include.java:167) ~[freemarker-2.3.19.jar:2.3.19]
! at freemarker.core.Environment.visit(Environment.java:221) ~[freemarker-2.3.19.jar:2.3.19]
! at freemarker.core.MixedContent.accept(MixedContent.java:92) ~[freemarker-2.3.19.jar:2.3.19]
! at freemarker.core.Environment.visit(Environment.java:221) ~[freemarker-2.3.19.jar:2.3.19]
! at freemarker.core.Environment.process(Environment.java:199) ~[freemarker-2.3.19.jar:2.3.19]
! at freemarker.template.Template.process(Template.java:259) ~[freemarker-2.3.19.jar:2.3.19]
! at com.yammer.dropwizard.views.freemarker.FreemarkerViewRenderer.render(FreemarkerViewRenderer.java:56) ~[dropwizard-views-0.6.2.jar:na]
!... 37 common frames omitted
Caused by: ! java.io.FileNotFoundException: Template edu/sjsu/cmpe/projectdemo/views/style.css not found.
! at freemarker.template.Configuration.getTemplate(Configuration.java:580) ~[freemarker-2.3.19.jar:2.3.19]
! at freemarker.core.Environment.getTemplateForInclusion(Environment.java:1490) ~[freemarker-2.3.19.jar:2.3.19]
! at freemarker.core.Include.accept(Include.java:157) ~[freemarker-2.3.19.jar:2.3.19]
!... 43 common frames omitted
